mode: set
github.com/themilchenko/vk-tech_internship-problem_2024/cmd/main.go:17.13,23.45 5 0
github.com/themilchenko/vk-tech_internship-problem_2024/cmd/main.go:23.45,25.3 1 0
github.com/themilchenko/vk-tech_internship-problem_2024/cmd/main.go:27.2,35.12 4 0
github.com/themilchenko/vk-tech_internship-problem_2024/cmd/main.go:35.12,36.35 1 0
github.com/themilchenko/vk-tech_internship-problem_2024/cmd/main.go:36.35,38.4 1 0
github.com/themilchenko/vk-tech_internship-problem_2024/cmd/main.go:41.2,45.47 4 0
github.com/themilchenko/vk-tech_internship-problem_2024/cmd/main.go:45.47,48.3 2 0
github.com/themilchenko/vk-tech_internship-problem_2024/internal/actors/repository/actors_repository.go:15.60,17.16 2 0
github.com/themilchenko/vk-tech_internship-problem_2024/internal/actors/repository/actors_repository.go:17.16,19.3 1 0
github.com/themilchenko/vk-tech_internship-problem_2024/internal/actors/repository/actors_repository.go:21.2,28.8 2 0
github.com/themilchenko/vk-tech_internship-problem_2024/internal/actors/repository/actors_repository.go:31.72,33.72 2 0
github.com/themilchenko/vk-tech_internship-problem_2024/internal/actors/repository/actors_repository.go:33.72,35.3 1 0
github.com/themilchenko/vk-tech_internship-problem_2024/internal/actors/repository/actors_repository.go:36.2,36.30 1 0
github.com/themilchenko/vk-tech_internship-problem_2024/internal/actors/repository/actors_repository.go:39.82,44.21 2 0
github.com/themilchenko/vk-tech_internship-problem_2024/internal/actors/repository/actors_repository.go:44.21,46.3 1 0
github.com/themilchenko/vk-tech_internship-problem_2024/internal/actors/repository/actors_repository.go:47.2,47.27 1 0
github.com/themilchenko/vk-tech_internship-problem_2024/internal/actors/repository/actors_repository.go:50.58,53.21 1 0
github.com/themilchenko/vk-tech_internship-problem_2024/internal/actors/repository/actors_repository.go:53.21,55.3 1 0
github.com/themilchenko/vk-tech_internship-problem_2024/internal/actors/repository/actors_repository.go:56.2,56.12 1 0
github.com/themilchenko/vk-tech_internship-problem_2024/internal/actors/repository/actors_repository.go:59.75,63.21 2 0
github.com/themilchenko/vk-tech_internship-problem_2024/internal/actors/repository/actors_repository.go:63.21,65.3 1 0
github.com/themilchenko/vk-tech_internship-problem_2024/internal/actors/repository/actors_repository.go:66.2,66.27 1 0
github.com/themilchenko/vk-tech_internship-problem_2024/internal/actors/repository/actors_repository.go:69.83,76.21 2 0
github.com/themilchenko/vk-tech_internship-problem_2024/internal/actors/repository/actors_repository.go:76.21,78.3 1 0
github.com/themilchenko/vk-tech_internship-problem_2024/internal/actors/repository/actors_repository.go:79.2,79.28 1 0
github.com/themilchenko/vk-tech_internship-problem_2024/internal/actors/repository/actors_repository.go:82.74,91.21 3 0
github.com/themilchenko/vk-tech_internship-problem_2024/internal/actors/repository/actors_repository.go:91.21,93.3 1 0
github.com/themilchenko/vk-tech_internship-problem_2024/internal/actors/repository/actors_repository.go:94.2,94.28 1 0
github.com/themilchenko/vk-tech_internship-problem_2024/internal/actors/delivery/actors_handler.go:22.61,26.2 1 1
github.com/themilchenko/vk-tech_internship-problem_2024/internal/actors/delivery/actors_handler.go:28.76,30.71 2 1
github.com/themilchenko/vk-tech_internship-problem_2024/internal/actors/delivery/actors_handler.go:30.71,33.3 2 1
github.com/themilchenko/vk-tech_internship-problem_2024/internal/actors/delivery/actors_handler.go:35.2,36.16 2 1
github.com/themilchenko/vk-tech_internship-problem_2024/internal/actors/delivery/actors_handler.go:36.16,39.3 2 1
github.com/themilchenko/vk-tech_internship-problem_2024/internal/actors/delivery/actors_handler.go:41.2,42.16 2 1
github.com/themilchenko/vk-tech_internship-problem_2024/internal/actors/delivery/actors_handler.go:42.16,45.3 2 0
github.com/themilchenko/vk-tech_internship-problem_2024/internal/actors/delivery/actors_handler.go:47.2,49.23 3 1
github.com/themilchenko/vk-tech_internship-problem_2024/internal/actors/delivery/actors_handler.go:52.76,54.16 2 1
github.com/themilchenko/vk-tech_internship-problem_2024/internal/actors/delivery/actors_handler.go:54.16,57.3 2 0
github.com/themilchenko/vk-tech_internship-problem_2024/internal/actors/delivery/actors_handler.go:59.2,59.65 1 1
github.com/themilchenko/vk-tech_internship-problem_2024/internal/actors/delivery/actors_handler.go:59.65,60.41 1 1
github.com/themilchenko/vk-tech_internship-problem_2024/internal/actors/delivery/actors_handler.go:60.41,62.4 1 0
github.com/themilchenko/vk-tech_internship-problem_2024/internal/actors/delivery/actors_handler.go:62.9,64.4 1 1
github.com/themilchenko/vk-tech_internship-problem_2024/internal/actors/delivery/actors_handler.go:65.3,65.9 1 1
github.com/themilchenko/vk-tech_internship-problem_2024/internal/actors/delivery/actors_handler.go:68.2,70.32 3 1
github.com/themilchenko/vk-tech_internship-problem_2024/internal/actors/delivery/actors_handler.go:73.73,75.16 2 1
github.com/themilchenko/vk-tech_internship-problem_2024/internal/actors/delivery/actors_handler.go:75.16,78.3 2 0
github.com/themilchenko/vk-tech_internship-problem_2024/internal/actors/delivery/actors_handler.go:80.2,81.16 2 1
github.com/themilchenko/vk-tech_internship-problem_2024/internal/actors/delivery/actors_handler.go:81.16,82.41 1 1
github.com/themilchenko/vk-tech_internship-problem_2024/internal/actors/delivery/actors_handler.go:82.41,84.4 1 1
github.com/themilchenko/vk-tech_internship-problem_2024/internal/actors/delivery/actors_handler.go:84.9,86.4 1 0
github.com/themilchenko/vk-tech_internship-problem_2024/internal/actors/delivery/actors_handler.go:87.3,87.9 1 1
github.com/themilchenko/vk-tech_internship-problem_2024/internal/actors/delivery/actors_handler.go:90.2,91.16 2 1
github.com/themilchenko/vk-tech_internship-problem_2024/internal/actors/delivery/actors_handler.go:91.16,94.3 2 0
github.com/themilchenko/vk-tech_internship-problem_2024/internal/actors/delivery/actors_handler.go:96.2,98.23 3 1
github.com/themilchenko/vk-tech_internship-problem_2024/internal/actors/delivery/actors_handler.go:101.76,103.16 2 1
github.com/themilchenko/vk-tech_internship-problem_2024/internal/actors/delivery/actors_handler.go:103.16,106.3 2 0
github.com/themilchenko/vk-tech_internship-problem_2024/internal/actors/delivery/actors_handler.go:108.2,109.71 2 1
github.com/themilchenko/vk-tech_internship-problem_2024/internal/actors/delivery/actors_handler.go:109.71,112.3 2 1
github.com/themilchenko/vk-tech_internship-problem_2024/internal/actors/delivery/actors_handler.go:114.2,115.16 2 1
github.com/themilchenko/vk-tech_internship-problem_2024/internal/actors/delivery/actors_handler.go:115.16,116.41 1 1
github.com/themilchenko/vk-tech_internship-problem_2024/internal/actors/delivery/actors_handler.go:116.41,118.4 1 1
github.com/themilchenko/vk-tech_internship-problem_2024/internal/actors/delivery/actors_handler.go:118.9,120.4 1 0
github.com/themilchenko/vk-tech_internship-problem_2024/internal/actors/delivery/actors_handler.go:121.3,121.9 1 1
github.com/themilchenko/vk-tech_internship-problem_2024/internal/actors/delivery/actors_handler.go:124.2,125.16 2 1
github.com/themilchenko/vk-tech_internship-problem_2024/internal/actors/delivery/actors_handler.go:125.16,128.3 2 0
github.com/themilchenko/vk-tech_internship-problem_2024/internal/actors/delivery/actors_handler.go:130.2,132.23 3 1
github.com/themilchenko/vk-tech_internship-problem_2024/internal/actors/delivery/actors_handler.go:135.74,138.19 3 1
github.com/themilchenko/vk-tech_internship-problem_2024/internal/actors/delivery/actors_handler.go:138.19,140.3 1 0
github.com/themilchenko/vk-tech_internship-problem_2024/internal/actors/delivery/actors_handler.go:142.2,143.16 2 1
github.com/themilchenko/vk-tech_internship-problem_2024/internal/actors/delivery/actors_handler.go:143.16,146.3 2 0
github.com/themilchenko/vk-tech_internship-problem_2024/internal/actors/delivery/actors_handler.go:148.2,149.16 2 1
github.com/themilchenko/vk-tech_internship-problem_2024/internal/actors/delivery/actors_handler.go:149.16,152.3 2 1
github.com/themilchenko/vk-tech_internship-problem_2024/internal/actors/delivery/actors_handler.go:154.2,155.16 2 1
github.com/themilchenko/vk-tech_internship-problem_2024/internal/actors/delivery/actors_handler.go:155.16,158.3 2 0
github.com/themilchenko/vk-tech_internship-problem_2024/internal/actors/delivery/actors_handler.go:160.2,162.23 3 1
github.com/themilchenko/vk-tech_internship-problem_2024/internal/mocks/domain/actors.go:32.71,36.2 3 1
github.com/themilchenko/vk-tech_internship-problem_2024/internal/mocks/domain/actors.go:39.69,41.2 1 1
github.com/themilchenko/vk-tech_internship-problem_2024/internal/mocks/domain/actors.go:44.81,50.2 5 1
github.com/themilchenko/vk-tech_internship-problem_2024/internal/mocks/domain/actors.go:53.78,56.2 2 1
github.com/themilchenko/vk-tech_internship-problem_2024/internal/mocks/domain/actors.go:59.67,64.2 4 1
github.com/themilchenko/vk-tech_internship-problem_2024/internal/mocks/domain/actors.go:67.84,70.2 2 1
github.com/themilchenko/vk-tech_internship-problem_2024/internal/mocks/domain/actors.go:73.92,79.2 5 1
github.com/themilchenko/vk-tech_internship-problem_2024/internal/mocks/domain/actors.go:82.81,85.2 2 1
github.com/themilchenko/vk-tech_internship-problem_2024/internal/mocks/domain/actors.go:88.95,94.2 5 1
github.com/themilchenko/vk-tech_internship-problem_2024/internal/mocks/domain/actors.go:97.78,100.2 2 1
github.com/themilchenko/vk-tech_internship-problem_2024/internal/mocks/domain/actors.go:103.115,109.2 5 1
github.com/themilchenko/vk-tech_internship-problem_2024/internal/mocks/domain/actors.go:112.87,115.2 2 1
github.com/themilchenko/vk-tech_internship-problem_2024/internal/mocks/domain/actors.go:129.77,133.2 3 0
github.com/themilchenko/vk-tech_internship-problem_2024/internal/mocks/domain/actors.go:136.75,138.2 1 0
github.com/themilchenko/vk-tech_internship-problem_2024/internal/mocks/domain/actors.go:141.84,147.2 5 0
github.com/themilchenko/vk-tech_internship-problem_2024/internal/mocks/domain/actors.go:150.81,153.2 2 0
github.com/themilchenko/vk-tech_internship-problem_2024/internal/mocks/domain/actors.go:156.70,161.2 4 0
github.com/themilchenko/vk-tech_internship-problem_2024/internal/mocks/domain/actors.go:164.87,167.2 2 0
github.com/themilchenko/vk-tech_internship-problem_2024/internal/mocks/domain/actors.go:170.87,176.2 5 0
github.com/themilchenko/vk-tech_internship-problem_2024/internal/mocks/domain/actors.go:179.84,182.2 2 0
github.com/themilchenko/vk-tech_internship-problem_2024/internal/mocks/domain/actors.go:185.86,191.2 5 0
github.com/themilchenko/vk-tech_internship-problem_2024/internal/mocks/domain/actors.go:194.81,197.2 2 0
github.com/themilchenko/vk-tech_internship-problem_2024/internal/mocks/domain/actors.go:200.95,206.2 5 0
github.com/themilchenko/vk-tech_internship-problem_2024/internal/mocks/domain/actors.go:209.90,212.2 2 0
github.com/themilchenko/vk-tech_internship-problem_2024/internal/mocks/domain/actors.go:215.94,221.2 5 0
github.com/themilchenko/vk-tech_internship-problem_2024/internal/mocks/domain/actors.go:224.81,227.2 2 0
github.com/themilchenko/vk-tech_internship-problem_2024/internal/mocks/domain/auth.go:32.67,36.2 3 0
github.com/themilchenko/vk-tech_internship-problem_2024/internal/mocks/domain/auth.go:39.65,41.2 1 0
github.com/themilchenko/vk-tech_internship-problem_2024/internal/mocks/domain/auth.go:44.66,50.2 5 0
github.com/themilchenko/vk-tech_internship-problem_2024/internal/mocks/domain/auth.go:53.73,56.2 2 0
github.com/themilchenko/vk-tech_internship-problem_2024/internal/mocks/domain/auth.go:59.93,65.2 5 0
github.com/themilchenko/vk-tech_internship-problem_2024/internal/mocks/domain/auth.go:68.87,71.2 2 0
github.com/themilchenko/vk-tech_internship-problem_2024/internal/mocks/domain/auth.go:74.83,81.2 6 0
github.com/themilchenko/vk-tech_internship-problem_2024/internal/mocks/domain/auth.go:84.69,87.2 2 0
github.com/themilchenko/vk-tech_internship-problem_2024/internal/mocks/domain/auth.go:90.58,95.2 4 0
github.com/themilchenko/vk-tech_internship-problem_2024/internal/mocks/domain/auth.go:98.75,101.2 2 0
github.com/themilchenko/vk-tech_internship-problem_2024/internal/mocks/domain/auth.go:104.84,111.2 6 0
github.com/themilchenko/vk-tech_internship-problem_2024/internal/mocks/domain/auth.go:114.70,117.2 2 0
github.com/themilchenko/vk-tech_internship-problem_2024/internal/mocks/domain/auth.go:131.73,135.2 3 0
github.com/themilchenko/vk-tech_internship-problem_2024/internal/mocks/domain/auth.go:138.71,140.2 1 0
github.com/themilchenko/vk-tech_internship-problem_2024/internal/mocks/domain/auth.go:143.88,149.2 5 0
github.com/themilchenko/vk-tech_internship-problem_2024/internal/mocks/domain/auth.go:152.83,155.2 2 0
github.com/themilchenko/vk-tech_internship-problem_2024/internal/mocks/domain/auth.go:158.79,164.2 5 0
github.com/themilchenko/vk-tech_internship-problem_2024/internal/mocks/domain/auth.go:167.77,170.2 2 0
github.com/themilchenko/vk-tech_internship-problem_2024/internal/mocks/domain/auth.go:173.72,178.2 4 0
github.com/themilchenko/vk-tech_internship-problem_2024/internal/mocks/domain/auth.go:181.89,184.2 2 0
github.com/themilchenko/vk-tech_internship-problem_2024/internal/mocks/domain/auth.go:187.92,193.2 5 0
github.com/themilchenko/vk-tech_internship-problem_2024/internal/mocks/domain/auth.go:196.90,199.2 2 0
github.com/themilchenko/vk-tech_internship-problem_2024/internal/mocks/domain/auth.go:202.90,208.2 5 0
github.com/themilchenko/vk-tech_internship-problem_2024/internal/mocks/domain/auth.go:211.88,214.2 2 0
github.com/themilchenko/vk-tech_internship-problem_2024/internal/mocks/domain/movies.go:32.71,36.2 3 0
github.com/themilchenko/vk-tech_internship-problem_2024/internal/mocks/domain/movies.go:39.69,41.2 1 0
github.com/themilchenko/vk-tech_internship-problem_2024/internal/mocks/domain/movies.go:44.78,49.2 4 0
github.com/themilchenko/vk-tech_internship-problem_2024/internal/mocks/domain/movies.go:52.95,55.2 2 0
github.com/themilchenko/vk-tech_internship-problem_2024/internal/mocks/domain/movies.go:58.91,64.2 5 0
github.com/themilchenko/vk-tech_internship-problem_2024/internal/mocks/domain/movies.go:67.78,70.2 2 0
github.com/themilchenko/vk-tech_internship-problem_2024/internal/mocks/domain/movies.go:73.81,78.2 4 0
github.com/themilchenko/vk-tech_internship-problem_2024/internal/mocks/domain/movies.go:81.98,84.2 2 0
github.com/themilchenko/vk-tech_internship-problem_2024/internal/mocks/domain/movies.go:87.67,92.2 4 0
github.com/themilchenko/vk-tech_internship-problem_2024/internal/mocks/domain/movies.go:95.84,98.2 2 0
github.com/themilchenko/vk-tech_internship-problem_2024/internal/mocks/domain/movies.go:101.92,107.2 5 0
github.com/themilchenko/vk-tech_internship-problem_2024/internal/mocks/domain/movies.go:110.81,113.2 2 0
github.com/themilchenko/vk-tech_internship-problem_2024/internal/mocks/domain/movies.go:116.138,122.2 5 0
github.com/themilchenko/vk-tech_internship-problem_2024/internal/mocks/domain/movies.go:125.102,128.2 2 0
github.com/themilchenko/vk-tech_internship-problem_2024/internal/mocks/domain/movies.go:131.130,137.2 5 0
github.com/themilchenko/vk-tech_internship-problem_2024/internal/mocks/domain/movies.go:140.87,143.2 2 0
github.com/themilchenko/vk-tech_internship-problem_2024/internal/mocks/domain/movies.go:157.77,161.2 3 0
github.com/themilchenko/vk-tech_internship-problem_2024/internal/mocks/domain/movies.go:164.75,166.2 1 0
github.com/themilchenko/vk-tech_internship-problem_2024/internal/mocks/domain/movies.go:169.79,174.2 4 0
github.com/themilchenko/vk-tech_internship-problem_2024/internal/mocks/domain/movies.go:177.96,180.2 2 0
github.com/themilchenko/vk-tech_internship-problem_2024/internal/mocks/domain/movies.go:183.84,189.2 5 0
github.com/themilchenko/vk-tech_internship-problem_2024/internal/mocks/domain/movies.go:192.81,195.2 2 0
github.com/themilchenko/vk-tech_internship-problem_2024/internal/mocks/domain/movies.go:198.84,203.2 4 0
github.com/themilchenko/vk-tech_internship-problem_2024/internal/mocks/domain/movies.go:206.101,209.2 2 0
github.com/themilchenko/vk-tech_internship-problem_2024/internal/mocks/domain/movies.go:212.70,217.2 4 0
github.com/themilchenko/vk-tech_internship-problem_2024/internal/mocks/domain/movies.go:220.87,223.2 2 0
github.com/themilchenko/vk-tech_internship-problem_2024/internal/mocks/domain/movies.go:226.87,232.2 5 0
github.com/themilchenko/vk-tech_internship-problem_2024/internal/mocks/domain/movies.go:235.84,238.2 2 0
github.com/themilchenko/vk-tech_internship-problem_2024/internal/mocks/domain/movies.go:241.133,247.2 5 0
github.com/themilchenko/vk-tech_internship-problem_2024/internal/mocks/domain/movies.go:250.105,253.2 2 0
github.com/themilchenko/vk-tech_internship-problem_2024/internal/mocks/domain/movies.go:256.93,262.2 5 0
github.com/themilchenko/vk-tech_internship-problem_2024/internal/mocks/domain/movies.go:265.88,268.2 2 0
github.com/themilchenko/vk-tech_internship-problem_2024/internal/mocks/domain/movies.go:271.94,277.2 5 0
github.com/themilchenko/vk-tech_internship-problem_2024/internal/mocks/domain/movies.go:280.81,283.2 2 0
github.com/themilchenko/vk-tech_internship-problem_2024/internal/models/gorm/actors.go:18.55,25.2 1 0
github.com/themilchenko/vk-tech_internship-problem_2024/internal/models/gorm/actors.go:27.52,33.2 1 0
github.com/themilchenko/vk-tech_internship-problem_2024/internal/models/gorm/movies.go:19.58,27.2 1 0
github.com/themilchenko/vk-tech_internship-problem_2024/internal/models/gorm/movies.go:29.63,37.2 1 0
github.com/themilchenko/vk-tech_internship-problem_2024/internal/models/gorm/users.go:18.49,24.2 1 0
github.com/themilchenko/vk-tech_internship-problem_2024/internal/models/http/movies.go:11.62,18.2 1 0
github.com/themilchenko/vk-tech_internship-problem_2024/pkg/errors.go:8.73,16.16 3 1
github.com/themilchenko/vk-tech_internship-problem_2024/pkg/errors.go:16.16,19.3 2 0
github.com/themilchenko/vk-tech_internship-problem_2024/pkg/errors.go:21.2,24.23 3 1
github.com/themilchenko/vk-tech_internship-problem_2024/pkg/logger.go:15.56,18.2 2 0
github.com/themilchenko/vk-tech_internship-problem_2024/pkg/logger.go:20.66,21.21 1 0
github.com/themilchenko/vk-tech_internship-problem_2024/pkg/logger.go:21.21,23.3 1 0
github.com/themilchenko/vk-tech_internship-problem_2024/pkg/logger.go:24.2,26.18 3 0
github.com/themilchenko/vk-tech_internship-problem_2024/pkg/logger.go:29.49,30.71 1 0
github.com/themilchenko/vk-tech_internship-problem_2024/pkg/logger.go:30.71,35.16 3 0
github.com/themilchenko/vk-tech_internship-problem_2024/pkg/logger.go:35.16,36.36 1 0
github.com/themilchenko/vk-tech_internship-problem_2024/pkg/logger.go:36.36,39.5 2 0
github.com/themilchenko/vk-tech_internship-problem_2024/pkg/logger.go:41.4,50.25 7 0
github.com/themilchenko/vk-tech_internship-problem_2024/pkg/logger.go:50.25,66.5 1 0
github.com/themilchenko/vk-tech_internship-problem_2024/pkg/logger.go:66.10,82.5 1 0
github.com/themilchenko/vk-tech_internship-problem_2024/pkg/logger.go:85.3,85.25 1 0
github.com/themilchenko/vk-tech_internship-problem_2024/internal/app/init.go:40.58,45.2 1 0
github.com/themilchenko/vk-tech_internship-problem_2024/internal/app/init.go:47.32,50.2 2 0
github.com/themilchenko/vk-tech_internship-problem_2024/internal/app/init.go:52.25,58.2 5 0
github.com/themilchenko/vk-tech_internship-problem_2024/internal/app/init.go:60.31,134.2 18 0
github.com/themilchenko/vk-tech_internship-problem_2024/internal/app/init.go:136.33,140.2 3 0
github.com/themilchenko/vk-tech_internship-problem_2024/internal/app/init.go:142.33,146.16 3 0
github.com/themilchenko/vk-tech_internship-problem_2024/internal/app/init.go:146.16,148.3 1 0
github.com/themilchenko/vk-tech_internship-problem_2024/internal/app/init.go:150.2,151.16 2 0
github.com/themilchenko/vk-tech_internship-problem_2024/internal/app/init.go:151.16,153.3 1 0
github.com/themilchenko/vk-tech_internship-problem_2024/internal/app/init.go:155.2,156.16 2 0
github.com/themilchenko/vk-tech_internship-problem_2024/internal/app/init.go:156.16,158.3 1 0
github.com/themilchenko/vk-tech_internship-problem_2024/internal/app/init.go:160.2,166.70 3 0
github.com/themilchenko/vk-tech_internship-problem_2024/internal/app/init.go:169.36,171.2 1 0
github.com/themilchenko/vk-tech_internship-problem_2024/internal/auth/delivery/middleware/auth_middleware.go:15.54,19.2 1 0
github.com/themilchenko/vk-tech_internship-problem_2024/internal/auth/delivery/middleware/auth_middleware.go:21.75,22.54 1 0
github.com/themilchenko/vk-tech_internship-problem_2024/internal/auth/delivery/middleware/auth_middleware.go:22.54,24.17 2 0
github.com/themilchenko/vk-tech_internship-problem_2024/internal/auth/delivery/middleware/auth_middleware.go:24.17,27.4 2 0
github.com/themilchenko/vk-tech_internship-problem_2024/internal/auth/delivery/middleware/auth_middleware.go:29.3,29.60 1 0
github.com/themilchenko/vk-tech_internship-problem_2024/internal/auth/delivery/middleware/auth_middleware.go:29.60,32.4 2 0
github.com/themilchenko/vk-tech_internship-problem_2024/internal/auth/delivery/middleware/auth_middleware.go:34.3,34.13 1 0
github.com/themilchenko/vk-tech_internship-problem_2024/internal/auth/delivery/middleware/auth_middleware.go:38.79,39.54 1 0
github.com/themilchenko/vk-tech_internship-problem_2024/internal/auth/delivery/middleware/auth_middleware.go:39.54,41.17 2 0
github.com/themilchenko/vk-tech_internship-problem_2024/internal/auth/delivery/middleware/auth_middleware.go:41.17,44.4 2 0
github.com/themilchenko/vk-tech_internship-problem_2024/internal/auth/delivery/middleware/auth_middleware.go:46.3,47.17 2 0
github.com/themilchenko/vk-tech_internship-problem_2024/internal/auth/delivery/middleware/auth_middleware.go:47.17,50.4 2 0
github.com/themilchenko/vk-tech_internship-problem_2024/internal/auth/delivery/middleware/auth_middleware.go:51.3,51.27 1 0
github.com/themilchenko/vk-tech_internship-problem_2024/internal/auth/delivery/middleware/auth_middleware.go:51.27,54.4 2 0
github.com/themilchenko/vk-tech_internship-problem_2024/internal/auth/delivery/middleware/auth_middleware.go:56.3,56.13 1 0
github.com/themilchenko/vk-tech_internship-problem_2024/internal/auth/repository/auth_repository.go:13.49,15.16 2 0
github.com/themilchenko/vk-tech_internship-problem_2024/internal/auth/repository/auth_repository.go:15.16,17.3 1 0
github.com/themilchenko/vk-tech_internship-problem_2024/internal/auth/repository/auth_repository.go:19.2,26.8 2 0
github.com/themilchenko/vk-tech_internship-problem_2024/internal/auth/repository/auth_repository.go:29.69,31.64 2 0
github.com/themilchenko/vk-tech_internship-problem_2024/internal/auth/repository/auth_repository.go:31.64,33.3 1 0
github.com/themilchenko/vk-tech_internship-problem_2024/internal/auth/repository/auth_repository.go:34.2,34.23 1 0
github.com/themilchenko/vk-tech_internship-problem_2024/internal/auth/repository/auth_repository.go:37.78,38.53 1 0
github.com/themilchenko/vk-tech_internship-problem_2024/internal/auth/repository/auth_repository.go:38.53,40.3 1 0
github.com/themilchenko/vk-tech_internship-problem_2024/internal/auth/repository/auth_repository.go:41.2,41.31 1 0
github.com/themilchenko/vk-tech_internship-problem_2024/internal/auth/repository/auth_repository.go:44.62,46.21 1 0
github.com/themilchenko/vk-tech_internship-problem_2024/internal/auth/repository/auth_repository.go:46.21,48.3 1 0
github.com/themilchenko/vk-tech_internship-problem_2024/internal/auth/repository/auth_repository.go:49.2,49.12 1 0
github.com/themilchenko/vk-tech_internship-problem_2024/internal/auth/repository/auth_repository.go:52.82,58.62 2 0
github.com/themilchenko/vk-tech_internship-problem_2024/internal/auth/repository/auth_repository.go:58.62,60.3 1 0
github.com/themilchenko/vk-tech_internship-problem_2024/internal/auth/repository/auth_repository.go:61.2,61.26 1 0
github.com/themilchenko/vk-tech_internship-problem_2024/internal/auth/repository/auth_repository.go:64.80,68.43 2 0
github.com/themilchenko/vk-tech_internship-problem_2024/internal/auth/repository/auth_repository.go:68.43,70.3 1 0
github.com/themilchenko/vk-tech_internship-problem_2024/internal/auth/repository/auth_repository.go:71.2,71.26 1 0
github.com/themilchenko/vk-tech_internship-problem_2024/internal/actors/usecase/actors_usecase.go:18.91,23.2 1 1
github.com/themilchenko/vk-tech_internship-problem_2024/internal/actors/usecase/actors_usecase.go:25.76,27.16 2 1
github.com/themilchenko/vk-tech_internship-problem_2024/internal/actors/usecase/actors_usecase.go:27.16,29.3 1 0
github.com/themilchenko/vk-tech_internship-problem_2024/internal/actors/usecase/actors_usecase.go:31.2,36.16 2 1
github.com/themilchenko/vk-tech_internship-problem_2024/internal/actors/usecase/actors_usecase.go:36.16,38.3 1 0
github.com/themilchenko/vk-tech_internship-problem_2024/internal/actors/usecase/actors_usecase.go:40.2,40.21 1 1
github.com/themilchenko/vk-tech_internship-problem_2024/internal/actors/usecase/actors_usecase.go:43.87,45.16 2 1
github.com/themilchenko/vk-tech_internship-problem_2024/internal/actors/usecase/actors_usecase.go:45.16,47.3 1 0
github.com/themilchenko/vk-tech_internship-problem_2024/internal/actors/usecase/actors_usecase.go:48.2,48.33 1 1
github.com/themilchenko/vk-tech_internship-problem_2024/internal/actors/usecase/actors_usecase.go:54.37,56.16 2 1
github.com/themilchenko/vk-tech_internship-problem_2024/internal/actors/usecase/actors_usecase.go:56.16,58.3 1 0
github.com/themilchenko/vk-tech_internship-problem_2024/internal/actors/usecase/actors_usecase.go:60.2,66.16 2 1
github.com/themilchenko/vk-tech_internship-problem_2024/internal/actors/usecase/actors_usecase.go:66.16,68.3 1 0
github.com/themilchenko/vk-tech_internship-problem_2024/internal/actors/usecase/actors_usecase.go:69.2,69.40 1 1
github.com/themilchenko/vk-tech_internship-problem_2024/internal/actors/usecase/actors_usecase.go:72.62,74.2 1 0
github.com/themilchenko/vk-tech_internship-problem_2024/internal/actors/usecase/actors_usecase.go:76.90,78.16 2 1
github.com/themilchenko/vk-tech_internship-problem_2024/internal/actors/usecase/actors_usecase.go:78.16,80.3 1 0
github.com/themilchenko/vk-tech_internship-problem_2024/internal/actors/usecase/actors_usecase.go:82.2,83.27 2 1
github.com/themilchenko/vk-tech_internship-problem_2024/internal/actors/usecase/actors_usecase.go:83.27,86.60 3 1
github.com/themilchenko/vk-tech_internship-problem_2024/internal/actors/usecase/actors_usecase.go:86.60,88.4 1 0
github.com/themilchenko/vk-tech_internship-problem_2024/internal/actors/usecase/actors_usecase.go:90.3,91.28 2 1
github.com/themilchenko/vk-tech_internship-problem_2024/internal/actors/usecase/actors_usecase.go:91.28,93.4 1 1
github.com/themilchenko/vk-tech_internship-problem_2024/internal/actors/usecase/actors_usecase.go:95.3,95.46 1 1
github.com/themilchenko/vk-tech_internship-problem_2024/internal/actors/usecase/actors_usecase.go:98.2,98.28 1 1
github.com/themilchenko/vk-tech_internship-problem_2024/internal/mocks/domain/actors.go:32.71,36.2 3 0
github.com/themilchenko/vk-tech_internship-problem_2024/internal/mocks/domain/actors.go:39.69,41.2 1 0
github.com/themilchenko/vk-tech_internship-problem_2024/internal/mocks/domain/actors.go:44.81,50.2 5 0
github.com/themilchenko/vk-tech_internship-problem_2024/internal/mocks/domain/actors.go:53.78,56.2 2 0
github.com/themilchenko/vk-tech_internship-problem_2024/internal/mocks/domain/actors.go:59.67,64.2 4 0
github.com/themilchenko/vk-tech_internship-problem_2024/internal/mocks/domain/actors.go:67.84,70.2 2 0
github.com/themilchenko/vk-tech_internship-problem_2024/internal/mocks/domain/actors.go:73.92,79.2 5 0
github.com/themilchenko/vk-tech_internship-problem_2024/internal/mocks/domain/actors.go:82.81,85.2 2 0
github.com/themilchenko/vk-tech_internship-problem_2024/internal/mocks/domain/actors.go:88.95,94.2 5 0
github.com/themilchenko/vk-tech_internship-problem_2024/internal/mocks/domain/actors.go:97.78,100.2 2 0
github.com/themilchenko/vk-tech_internship-problem_2024/internal/mocks/domain/actors.go:103.115,109.2 5 0
github.com/themilchenko/vk-tech_internship-problem_2024/internal/mocks/domain/actors.go:112.87,115.2 2 0
github.com/themilchenko/vk-tech_internship-problem_2024/internal/mocks/domain/actors.go:129.77,133.2 3 1
github.com/themilchenko/vk-tech_internship-problem_2024/internal/mocks/domain/actors.go:136.75,138.2 1 1
github.com/themilchenko/vk-tech_internship-problem_2024/internal/mocks/domain/actors.go:141.84,147.2 5 1
github.com/themilchenko/vk-tech_internship-problem_2024/internal/mocks/domain/actors.go:150.81,153.2 2 1
github.com/themilchenko/vk-tech_internship-problem_2024/internal/mocks/domain/actors.go:156.70,161.2 4 0
github.com/themilchenko/vk-tech_internship-problem_2024/internal/mocks/domain/actors.go:164.87,167.2 2 0
github.com/themilchenko/vk-tech_internship-problem_2024/internal/mocks/domain/actors.go:170.87,176.2 5 1
github.com/themilchenko/vk-tech_internship-problem_2024/internal/mocks/domain/actors.go:179.84,182.2 2 1
github.com/themilchenko/vk-tech_internship-problem_2024/internal/mocks/domain/actors.go:185.86,191.2 5 1
github.com/themilchenko/vk-tech_internship-problem_2024/internal/mocks/domain/actors.go:194.81,197.2 2 1
github.com/themilchenko/vk-tech_internship-problem_2024/internal/mocks/domain/actors.go:200.95,206.2 5 0
github.com/themilchenko/vk-tech_internship-problem_2024/internal/mocks/domain/actors.go:209.90,212.2 2 0
github.com/themilchenko/vk-tech_internship-problem_2024/internal/mocks/domain/actors.go:215.94,221.2 5 1
github.com/themilchenko/vk-tech_internship-problem_2024/internal/mocks/domain/actors.go:224.81,227.2 2 1
github.com/themilchenko/vk-tech_internship-problem_2024/internal/mocks/domain/auth.go:32.67,36.2 3 0
github.com/themilchenko/vk-tech_internship-problem_2024/internal/mocks/domain/auth.go:39.65,41.2 1 0
github.com/themilchenko/vk-tech_internship-problem_2024/internal/mocks/domain/auth.go:44.66,50.2 5 0
github.com/themilchenko/vk-tech_internship-problem_2024/internal/mocks/domain/auth.go:53.73,56.2 2 0
github.com/themilchenko/vk-tech_internship-problem_2024/internal/mocks/domain/auth.go:59.93,65.2 5 0
github.com/themilchenko/vk-tech_internship-problem_2024/internal/mocks/domain/auth.go:68.87,71.2 2 0
github.com/themilchenko/vk-tech_internship-problem_2024/internal/mocks/domain/auth.go:74.83,81.2 6 0
github.com/themilchenko/vk-tech_internship-problem_2024/internal/mocks/domain/auth.go:84.69,87.2 2 0
github.com/themilchenko/vk-tech_internship-problem_2024/internal/mocks/domain/auth.go:90.58,95.2 4 0
github.com/themilchenko/vk-tech_internship-problem_2024/internal/mocks/domain/auth.go:98.75,101.2 2 0
github.com/themilchenko/vk-tech_internship-problem_2024/internal/mocks/domain/auth.go:104.84,111.2 6 0
github.com/themilchenko/vk-tech_internship-problem_2024/internal/mocks/domain/auth.go:114.70,117.2 2 0
github.com/themilchenko/vk-tech_internship-problem_2024/internal/mocks/domain/auth.go:131.73,135.2 3 0
github.com/themilchenko/vk-tech_internship-problem_2024/internal/mocks/domain/auth.go:138.71,140.2 1 0
github.com/themilchenko/vk-tech_internship-problem_2024/internal/mocks/domain/auth.go:143.88,149.2 5 0
github.com/themilchenko/vk-tech_internship-problem_2024/internal/mocks/domain/auth.go:152.83,155.2 2 0
github.com/themilchenko/vk-tech_internship-problem_2024/internal/mocks/domain/auth.go:158.79,164.2 5 0
github.com/themilchenko/vk-tech_internship-problem_2024/internal/mocks/domain/auth.go:167.77,170.2 2 0
github.com/themilchenko/vk-tech_internship-problem_2024/internal/mocks/domain/auth.go:173.72,178.2 4 0
github.com/themilchenko/vk-tech_internship-problem_2024/internal/mocks/domain/auth.go:181.89,184.2 2 0
github.com/themilchenko/vk-tech_internship-problem_2024/internal/mocks/domain/auth.go:187.92,193.2 5 0
github.com/themilchenko/vk-tech_internship-problem_2024/internal/mocks/domain/auth.go:196.90,199.2 2 0
github.com/themilchenko/vk-tech_internship-problem_2024/internal/mocks/domain/auth.go:202.90,208.2 5 0
github.com/themilchenko/vk-tech_internship-problem_2024/internal/mocks/domain/auth.go:211.88,214.2 2 0
github.com/themilchenko/vk-tech_internship-problem_2024/internal/mocks/domain/movies.go:32.71,36.2 3 0
github.com/themilchenko/vk-tech_internship-problem_2024/internal/mocks/domain/movies.go:39.69,41.2 1 0
github.com/themilchenko/vk-tech_internship-problem_2024/internal/mocks/domain/movies.go:44.78,49.2 4 0
github.com/themilchenko/vk-tech_internship-problem_2024/internal/mocks/domain/movies.go:52.95,55.2 2 0
github.com/themilchenko/vk-tech_internship-problem_2024/internal/mocks/domain/movies.go:58.91,64.2 5 0
github.com/themilchenko/vk-tech_internship-problem_2024/internal/mocks/domain/movies.go:67.78,70.2 2 0
github.com/themilchenko/vk-tech_internship-problem_2024/internal/mocks/domain/movies.go:73.81,78.2 4 0
github.com/themilchenko/vk-tech_internship-problem_2024/internal/mocks/domain/movies.go:81.98,84.2 2 0
github.com/themilchenko/vk-tech_internship-problem_2024/internal/mocks/domain/movies.go:87.67,92.2 4 0
github.com/themilchenko/vk-tech_internship-problem_2024/internal/mocks/domain/movies.go:95.84,98.2 2 0
github.com/themilchenko/vk-tech_internship-problem_2024/internal/mocks/domain/movies.go:101.92,107.2 5 0
github.com/themilchenko/vk-tech_internship-problem_2024/internal/mocks/domain/movies.go:110.81,113.2 2 0
github.com/themilchenko/vk-tech_internship-problem_2024/internal/mocks/domain/movies.go:116.138,122.2 5 0
github.com/themilchenko/vk-tech_internship-problem_2024/internal/mocks/domain/movies.go:125.102,128.2 2 0
github.com/themilchenko/vk-tech_internship-problem_2024/internal/mocks/domain/movies.go:131.130,137.2 5 0
github.com/themilchenko/vk-tech_internship-problem_2024/internal/mocks/domain/movies.go:140.87,143.2 2 0
github.com/themilchenko/vk-tech_internship-problem_2024/internal/mocks/domain/movies.go:157.77,161.2 3 1
github.com/themilchenko/vk-tech_internship-problem_2024/internal/mocks/domain/movies.go:164.75,166.2 1 1
github.com/themilchenko/vk-tech_internship-problem_2024/internal/mocks/domain/movies.go:169.79,174.2 4 0
github.com/themilchenko/vk-tech_internship-problem_2024/internal/mocks/domain/movies.go:177.96,180.2 2 0
github.com/themilchenko/vk-tech_internship-problem_2024/internal/mocks/domain/movies.go:183.84,189.2 5 0
github.com/themilchenko/vk-tech_internship-problem_2024/internal/mocks/domain/movies.go:192.81,195.2 2 0
github.com/themilchenko/vk-tech_internship-problem_2024/internal/mocks/domain/movies.go:198.84,203.2 4 0
github.com/themilchenko/vk-tech_internship-problem_2024/internal/mocks/domain/movies.go:206.101,209.2 2 0
github.com/themilchenko/vk-tech_internship-problem_2024/internal/mocks/domain/movies.go:212.70,217.2 4 0
github.com/themilchenko/vk-tech_internship-problem_2024/internal/mocks/domain/movies.go:220.87,223.2 2 0
github.com/themilchenko/vk-tech_internship-problem_2024/internal/mocks/domain/movies.go:226.87,232.2 5 0
github.com/themilchenko/vk-tech_internship-problem_2024/internal/mocks/domain/movies.go:235.84,238.2 2 0
github.com/themilchenko/vk-tech_internship-problem_2024/internal/mocks/domain/movies.go:241.133,247.2 5 0
github.com/themilchenko/vk-tech_internship-problem_2024/internal/mocks/domain/movies.go:250.105,253.2 2 0
github.com/themilchenko/vk-tech_internship-problem_2024/internal/mocks/domain/movies.go:256.93,262.2 5 1
github.com/themilchenko/vk-tech_internship-problem_2024/internal/mocks/domain/movies.go:265.88,268.2 2 1
github.com/themilchenko/vk-tech_internship-problem_2024/internal/mocks/domain/movies.go:271.94,277.2 5 0
github.com/themilchenko/vk-tech_internship-problem_2024/internal/mocks/domain/movies.go:280.81,283.2 2 0
github.com/themilchenko/vk-tech_internship-problem_2024/internal/models/gorm/actors.go:18.55,25.2 1 1
github.com/themilchenko/vk-tech_internship-problem_2024/internal/models/gorm/actors.go:27.52,33.2 1 0
github.com/themilchenko/vk-tech_internship-problem_2024/internal/models/gorm/movies.go:19.58,27.2 1 0
github.com/themilchenko/vk-tech_internship-problem_2024/internal/models/gorm/movies.go:29.63,37.2 1 1
github.com/themilchenko/vk-tech_internship-problem_2024/internal/models/gorm/users.go:18.49,24.2 1 0
github.com/themilchenko/vk-tech_internship-problem_2024/internal/models/http/movies.go:11.62,18.2 1 0
github.com/themilchenko/vk-tech_internship-problem_2024/internal/auth/delivery/auth_handler.go:21.80,26.2 1 1
github.com/themilchenko/vk-tech_internship-problem_2024/internal/auth/delivery/auth_handler.go:28.67,30.16 2 1
github.com/themilchenko/vk-tech_internship-problem_2024/internal/auth/delivery/auth_handler.go:30.16,33.3 2 0
github.com/themilchenko/vk-tech_internship-problem_2024/internal/auth/delivery/auth_handler.go:35.2,36.16 2 1
github.com/themilchenko/vk-tech_internship-problem_2024/internal/auth/delivery/auth_handler.go:36.16,37.41 1 1
github.com/themilchenko/vk-tech_internship-problem_2024/internal/auth/delivery/auth_handler.go:37.41,39.4 1 0
github.com/themilchenko/vk-tech_internship-problem_2024/internal/auth/delivery/auth_handler.go:39.9,41.4 1 1
github.com/themilchenko/vk-tech_internship-problem_2024/internal/auth/delivery/auth_handler.go:42.3,42.9 1 1
github.com/themilchenko/vk-tech_internship-problem_2024/internal/auth/delivery/auth_handler.go:45.2,46.16 2 1
github.com/themilchenko/vk-tech_internship-problem_2024/internal/auth/delivery/auth_handler.go:46.16,49.3 2 0
github.com/themilchenko/vk-tech_internship-problem_2024/internal/auth/delivery/auth_handler.go:51.2,53.23 3 1
github.com/themilchenko/vk-tech_internship-problem_2024/internal/auth/delivery/auth_handler.go:56.68,59.16 3 1
github.com/themilchenko/vk-tech_internship-problem_2024/internal/auth/delivery/auth_handler.go:59.16,62.3 2 1
github.com/themilchenko/vk-tech_internship-problem_2024/internal/auth/delivery/auth_handler.go:64.2,65.16 2 1
github.com/themilchenko/vk-tech_internship-problem_2024/internal/auth/delivery/auth_handler.go:65.16,66.41 1 1
github.com/themilchenko/vk-tech_internship-problem_2024/internal/auth/delivery/auth_handler.go:66.41,68.4 1 0
github.com/themilchenko/vk-tech_internship-problem_2024/internal/auth/delivery/auth_handler.go:68.9,70.4 1 1
github.com/themilchenko/vk-tech_internship-problem_2024/internal/auth/delivery/auth_handler.go:71.3,71.9 1 1
github.com/themilchenko/vk-tech_internship-problem_2024/internal/auth/delivery/auth_handler.go:74.2,78.16 4 1
github.com/themilchenko/vk-tech_internship-problem_2024/internal/auth/delivery/auth_handler.go:78.16,81.3 2 0
github.com/themilchenko/vk-tech_internship-problem_2024/internal/auth/delivery/auth_handler.go:83.2,85.23 3 1
github.com/themilchenko/vk-tech_internship-problem_2024/internal/auth/delivery/auth_handler.go:88.69,90.16 2 1
github.com/themilchenko/vk-tech_internship-problem_2024/internal/auth/delivery/auth_handler.go:90.16,93.3 2 0
github.com/themilchenko/vk-tech_internship-problem_2024/internal/auth/delivery/auth_handler.go:95.2,95.58 1 1
github.com/themilchenko/vk-tech_internship-problem_2024/internal/auth/delivery/auth_handler.go:95.58,98.3 2 1
github.com/themilchenko/vk-tech_internship-problem_2024/internal/auth/delivery/auth_handler.go:100.2,109.32 5 1
github.com/themilchenko/vk-tech_internship-problem_2024/internal/auth/delivery/auth_handler.go:112.69,114.70 2 1
github.com/themilchenko/vk-tech_internship-problem_2024/internal/auth/delivery/auth_handler.go:114.70,117.3 2 1
github.com/themilchenko/vk-tech_internship-problem_2024/internal/auth/delivery/auth_handler.go:119.2,120.16 2 1
github.com/themilchenko/vk-tech_internship-problem_2024/internal/auth/delivery/auth_handler.go:120.16,121.49 1 1
github.com/themilchenko/vk-tech_internship-problem_2024/internal/auth/delivery/auth_handler.go:121.49,123.4 1 0
github.com/themilchenko/vk-tech_internship-problem_2024/internal/auth/delivery/auth_handler.go:123.9,125.4 1 1
github.com/themilchenko/vk-tech_internship-problem_2024/internal/auth/delivery/auth_handler.go:126.3,126.9 1 1
github.com/themilchenko/vk-tech_internship-problem_2024/internal/auth/delivery/auth_handler.go:129.2,133.16 4 1
github.com/themilchenko/vk-tech_internship-problem_2024/internal/auth/delivery/auth_handler.go:133.16,136.3 2 0
github.com/themilchenko/vk-tech_internship-problem_2024/internal/auth/delivery/auth_handler.go:138.2,140.23 3 1
github.com/themilchenko/vk-tech_internship-problem_2024/internal/auth/delivery/auth_utils.go:12.68,25.2 1 1
github.com/themilchenko/vk-tech_internship-problem_2024/internal/auth/delivery/auth_utils.go:27.78,29.16 2 0
github.com/themilchenko/vk-tech_internship-problem_2024/internal/auth/delivery/auth_utils.go:29.16,31.3 1 0
github.com/themilchenko/vk-tech_internship-problem_2024/internal/auth/delivery/auth_utils.go:33.2,33.20 1 0
github.com/themilchenko/vk-tech_internship-problem_2024/internal/config/config.go:52.26,118.2 1 0
github.com/themilchenko/vk-tech_internship-problem_2024/internal/config/config.go:120.42,122.16 2 0
github.com/themilchenko/vk-tech_internship-problem_2024/internal/config/config.go:122.16,124.3 1 0
github.com/themilchenko/vk-tech_internship-problem_2024/internal/config/config.go:125.2,127.55 2 0
github.com/themilchenko/vk-tech_internship-problem_2024/internal/config/config.go:127.55,129.3 1 0
github.com/themilchenko/vk-tech_internship-problem_2024/internal/config/config.go:131.2,131.12 1 0
github.com/themilchenko/vk-tech_internship-problem_2024/internal/config/config.go:134.40,143.2 1 0
github.com/themilchenko/vk-tech_internship-problem_2024/internal/config/config.go:145.30,147.2 1 0
github.com/themilchenko/vk-tech_internship-problem_2024/internal/mocks/domain/actors.go:32.71,36.2 3 0
github.com/themilchenko/vk-tech_internship-problem_2024/internal/mocks/domain/actors.go:39.69,41.2 1 0
github.com/themilchenko/vk-tech_internship-problem_2024/internal/mocks/domain/actors.go:44.81,50.2 5 0
github.com/themilchenko/vk-tech_internship-problem_2024/internal/mocks/domain/actors.go:53.78,56.2 2 0
github.com/themilchenko/vk-tech_internship-problem_2024/internal/mocks/domain/actors.go:59.67,64.2 4 0
github.com/themilchenko/vk-tech_internship-problem_2024/internal/mocks/domain/actors.go:67.84,70.2 2 0
github.com/themilchenko/vk-tech_internship-problem_2024/internal/mocks/domain/actors.go:73.92,79.2 5 0
github.com/themilchenko/vk-tech_internship-problem_2024/internal/mocks/domain/actors.go:82.81,85.2 2 0
github.com/themilchenko/vk-tech_internship-problem_2024/internal/mocks/domain/actors.go:88.95,94.2 5 0
github.com/themilchenko/vk-tech_internship-problem_2024/internal/mocks/domain/actors.go:97.78,100.2 2 0
github.com/themilchenko/vk-tech_internship-problem_2024/internal/mocks/domain/actors.go:103.115,109.2 5 0
github.com/themilchenko/vk-tech_internship-problem_2024/internal/mocks/domain/actors.go:112.87,115.2 2 0
github.com/themilchenko/vk-tech_internship-problem_2024/internal/mocks/domain/actors.go:129.77,133.2 3 0
github.com/themilchenko/vk-tech_internship-problem_2024/internal/mocks/domain/actors.go:136.75,138.2 1 0
github.com/themilchenko/vk-tech_internship-problem_2024/internal/mocks/domain/actors.go:141.84,147.2 5 0
github.com/themilchenko/vk-tech_internship-problem_2024/internal/mocks/domain/actors.go:150.81,153.2 2 0
github.com/themilchenko/vk-tech_internship-problem_2024/internal/mocks/domain/actors.go:156.70,161.2 4 0
github.com/themilchenko/vk-tech_internship-problem_2024/internal/mocks/domain/actors.go:164.87,167.2 2 0
github.com/themilchenko/vk-tech_internship-problem_2024/internal/mocks/domain/actors.go:170.87,176.2 5 0
github.com/themilchenko/vk-tech_internship-problem_2024/internal/mocks/domain/actors.go:179.84,182.2 2 0
github.com/themilchenko/vk-tech_internship-problem_2024/internal/mocks/domain/actors.go:185.86,191.2 5 0
github.com/themilchenko/vk-tech_internship-problem_2024/internal/mocks/domain/actors.go:194.81,197.2 2 0
github.com/themilchenko/vk-tech_internship-problem_2024/internal/mocks/domain/actors.go:200.95,206.2 5 0
github.com/themilchenko/vk-tech_internship-problem_2024/internal/mocks/domain/actors.go:209.90,212.2 2 0
github.com/themilchenko/vk-tech_internship-problem_2024/internal/mocks/domain/actors.go:215.94,221.2 5 0
github.com/themilchenko/vk-tech_internship-problem_2024/internal/mocks/domain/actors.go:224.81,227.2 2 0
github.com/themilchenko/vk-tech_internship-problem_2024/internal/mocks/domain/auth.go:32.67,36.2 3 1
github.com/themilchenko/vk-tech_internship-problem_2024/internal/mocks/domain/auth.go:39.65,41.2 1 1
github.com/themilchenko/vk-tech_internship-problem_2024/internal/mocks/domain/auth.go:44.66,50.2 5 1
github.com/themilchenko/vk-tech_internship-problem_2024/internal/mocks/domain/auth.go:53.73,56.2 2 1
github.com/themilchenko/vk-tech_internship-problem_2024/internal/mocks/domain/auth.go:59.93,65.2 5 0
github.com/themilchenko/vk-tech_internship-problem_2024/internal/mocks/domain/auth.go:68.87,71.2 2 0
github.com/themilchenko/vk-tech_internship-problem_2024/internal/mocks/domain/auth.go:74.83,81.2 6 1
github.com/themilchenko/vk-tech_internship-problem_2024/internal/mocks/domain/auth.go:84.69,87.2 2 1
github.com/themilchenko/vk-tech_internship-problem_2024/internal/mocks/domain/auth.go:90.58,95.2 4 1
github.com/themilchenko/vk-tech_internship-problem_2024/internal/mocks/domain/auth.go:98.75,101.2 2 1
github.com/themilchenko/vk-tech_internship-problem_2024/internal/mocks/domain/auth.go:104.84,111.2 6 1
github.com/themilchenko/vk-tech_internship-problem_2024/internal/mocks/domain/auth.go:114.70,117.2 2 1
github.com/themilchenko/vk-tech_internship-problem_2024/internal/mocks/domain/auth.go:131.73,135.2 3 0
github.com/themilchenko/vk-tech_internship-problem_2024/internal/mocks/domain/auth.go:138.71,140.2 1 0
github.com/themilchenko/vk-tech_internship-problem_2024/internal/mocks/domain/auth.go:143.88,149.2 5 0
github.com/themilchenko/vk-tech_internship-problem_2024/internal/mocks/domain/auth.go:152.83,155.2 2 0
github.com/themilchenko/vk-tech_internship-problem_2024/internal/mocks/domain/auth.go:158.79,164.2 5 0
github.com/themilchenko/vk-tech_internship-problem_2024/internal/mocks/domain/auth.go:167.77,170.2 2 0
github.com/themilchenko/vk-tech_internship-problem_2024/internal/mocks/domain/auth.go:173.72,178.2 4 0
github.com/themilchenko/vk-tech_internship-problem_2024/internal/mocks/domain/auth.go:181.89,184.2 2 0
github.com/themilchenko/vk-tech_internship-problem_2024/internal/mocks/domain/auth.go:187.92,193.2 5 0
github.com/themilchenko/vk-tech_internship-problem_2024/internal/mocks/domain/auth.go:196.90,199.2 2 0
github.com/themilchenko/vk-tech_internship-problem_2024/internal/mocks/domain/auth.go:202.90,208.2 5 0
github.com/themilchenko/vk-tech_internship-problem_2024/internal/mocks/domain/auth.go:211.88,214.2 2 0
github.com/themilchenko/vk-tech_internship-problem_2024/internal/mocks/domain/movies.go:32.71,36.2 3 0
github.com/themilchenko/vk-tech_internship-problem_2024/internal/mocks/domain/movies.go:39.69,41.2 1 0
github.com/themilchenko/vk-tech_internship-problem_2024/internal/mocks/domain/movies.go:44.78,49.2 4 0
github.com/themilchenko/vk-tech_internship-problem_2024/internal/mocks/domain/movies.go:52.95,55.2 2 0
github.com/themilchenko/vk-tech_internship-problem_2024/internal/mocks/domain/movies.go:58.91,64.2 5 0
github.com/themilchenko/vk-tech_internship-problem_2024/internal/mocks/domain/movies.go:67.78,70.2 2 0
github.com/themilchenko/vk-tech_internship-problem_2024/internal/mocks/domain/movies.go:73.81,78.2 4 0
github.com/themilchenko/vk-tech_internship-problem_2024/internal/mocks/domain/movies.go:81.98,84.2 2 0
github.com/themilchenko/vk-tech_internship-problem_2024/internal/mocks/domain/movies.go:87.67,92.2 4 0
github.com/themilchenko/vk-tech_internship-problem_2024/internal/mocks/domain/movies.go:95.84,98.2 2 0
github.com/themilchenko/vk-tech_internship-problem_2024/internal/mocks/domain/movies.go:101.92,107.2 5 0
github.com/themilchenko/vk-tech_internship-problem_2024/internal/mocks/domain/movies.go:110.81,113.2 2 0
github.com/themilchenko/vk-tech_internship-problem_2024/internal/mocks/domain/movies.go:116.138,122.2 5 0
github.com/themilchenko/vk-tech_internship-problem_2024/internal/mocks/domain/movies.go:125.102,128.2 2 0
github.com/themilchenko/vk-tech_internship-problem_2024/internal/mocks/domain/movies.go:131.130,137.2 5 0
github.com/themilchenko/vk-tech_internship-problem_2024/internal/mocks/domain/movies.go:140.87,143.2 2 0
github.com/themilchenko/vk-tech_internship-problem_2024/internal/mocks/domain/movies.go:157.77,161.2 3 0
github.com/themilchenko/vk-tech_internship-problem_2024/internal/mocks/domain/movies.go:164.75,166.2 1 0
github.com/themilchenko/vk-tech_internship-problem_2024/internal/mocks/domain/movies.go:169.79,174.2 4 0
github.com/themilchenko/vk-tech_internship-problem_2024/internal/mocks/domain/movies.go:177.96,180.2 2 0
github.com/themilchenko/vk-tech_internship-problem_2024/internal/mocks/domain/movies.go:183.84,189.2 5 0
github.com/themilchenko/vk-tech_internship-problem_2024/internal/mocks/domain/movies.go:192.81,195.2 2 0
github.com/themilchenko/vk-tech_internship-problem_2024/internal/mocks/domain/movies.go:198.84,203.2 4 0
github.com/themilchenko/vk-tech_internship-problem_2024/internal/mocks/domain/movies.go:206.101,209.2 2 0
github.com/themilchenko/vk-tech_internship-problem_2024/internal/mocks/domain/movies.go:212.70,217.2 4 0
github.com/themilchenko/vk-tech_internship-problem_2024/internal/mocks/domain/movies.go:220.87,223.2 2 0
github.com/themilchenko/vk-tech_internship-problem_2024/internal/mocks/domain/movies.go:226.87,232.2 5 0
github.com/themilchenko/vk-tech_internship-problem_2024/internal/mocks/domain/movies.go:235.84,238.2 2 0
github.com/themilchenko/vk-tech_internship-problem_2024/internal/mocks/domain/movies.go:241.133,247.2 5 0
github.com/themilchenko/vk-tech_internship-problem_2024/internal/mocks/domain/movies.go:250.105,253.2 2 0
github.com/themilchenko/vk-tech_internship-problem_2024/internal/mocks/domain/movies.go:256.93,262.2 5 0
github.com/themilchenko/vk-tech_internship-problem_2024/internal/mocks/domain/movies.go:265.88,268.2 2 0
github.com/themilchenko/vk-tech_internship-problem_2024/internal/mocks/domain/movies.go:271.94,277.2 5 0
github.com/themilchenko/vk-tech_internship-problem_2024/internal/mocks/domain/movies.go:280.81,283.2 2 0
github.com/themilchenko/vk-tech_internship-problem_2024/internal/models/gorm/actors.go:18.55,25.2 1 0
github.com/themilchenko/vk-tech_internship-problem_2024/internal/models/gorm/actors.go:27.52,33.2 1 0
github.com/themilchenko/vk-tech_internship-problem_2024/internal/models/gorm/movies.go:19.58,27.2 1 0
github.com/themilchenko/vk-tech_internship-problem_2024/internal/models/gorm/movies.go:29.63,37.2 1 0
github.com/themilchenko/vk-tech_internship-problem_2024/internal/models/gorm/users.go:18.49,24.2 1 0
github.com/themilchenko/vk-tech_internship-problem_2024/internal/models/http/movies.go:11.62,18.2 1 0
github.com/themilchenko/vk-tech_internship-problem_2024/pkg/errors.go:8.73,16.16 3 1
github.com/themilchenko/vk-tech_internship-problem_2024/pkg/errors.go:16.16,19.3 2 0
github.com/themilchenko/vk-tech_internship-problem_2024/pkg/errors.go:21.2,24.23 3 1
github.com/themilchenko/vk-tech_internship-problem_2024/pkg/logger.go:15.56,18.2 2 0
github.com/themilchenko/vk-tech_internship-problem_2024/pkg/logger.go:20.66,21.21 1 0
github.com/themilchenko/vk-tech_internship-problem_2024/pkg/logger.go:21.21,23.3 1 0
github.com/themilchenko/vk-tech_internship-problem_2024/pkg/logger.go:24.2,26.18 3 0
github.com/themilchenko/vk-tech_internship-problem_2024/pkg/logger.go:29.49,30.71 1 0
github.com/themilchenko/vk-tech_internship-problem_2024/pkg/logger.go:30.71,35.16 3 0
github.com/themilchenko/vk-tech_internship-problem_2024/pkg/logger.go:35.16,36.36 1 0
github.com/themilchenko/vk-tech_internship-problem_2024/pkg/logger.go:36.36,39.5 2 0
github.com/themilchenko/vk-tech_internship-problem_2024/pkg/logger.go:41.4,50.25 7 0
github.com/themilchenko/vk-tech_internship-problem_2024/pkg/logger.go:50.25,66.5 1 0
github.com/themilchenko/vk-tech_internship-problem_2024/pkg/logger.go:66.10,82.5 1 0
github.com/themilchenko/vk-tech_internship-problem_2024/pkg/logger.go:85.3,85.25 1 0
github.com/themilchenko/vk-tech_internship-problem_2024/internal/models/gorm/actors.go:18.55,25.2 1 0
github.com/themilchenko/vk-tech_internship-problem_2024/internal/models/gorm/actors.go:27.52,33.2 1 0
github.com/themilchenko/vk-tech_internship-problem_2024/internal/models/gorm/movies.go:19.58,27.2 1 0
github.com/themilchenko/vk-tech_internship-problem_2024/internal/models/gorm/movies.go:29.63,37.2 1 0
github.com/themilchenko/vk-tech_internship-problem_2024/internal/models/gorm/users.go:18.49,24.2 1 0
github.com/themilchenko/vk-tech_internship-problem_2024/internal/config/config.go:52.26,118.2 1 0
github.com/themilchenko/vk-tech_internship-problem_2024/internal/config/config.go:120.42,122.16 2 0
github.com/themilchenko/vk-tech_internship-problem_2024/internal/config/config.go:122.16,124.3 1 0
github.com/themilchenko/vk-tech_internship-problem_2024/internal/config/config.go:125.2,127.55 2 0
github.com/themilchenko/vk-tech_internship-problem_2024/internal/config/config.go:127.55,129.3 1 0
github.com/themilchenko/vk-tech_internship-problem_2024/internal/config/config.go:131.2,131.12 1 0
github.com/themilchenko/vk-tech_internship-problem_2024/internal/config/config.go:134.40,143.2 1 0
github.com/themilchenko/vk-tech_internship-problem_2024/internal/config/config.go:145.30,147.2 1 0
github.com/themilchenko/vk-tech_internship-problem_2024/internal/mocks/domain/actors.go:32.71,36.2 3 0
github.com/themilchenko/vk-tech_internship-problem_2024/internal/mocks/domain/actors.go:39.69,41.2 1 0
github.com/themilchenko/vk-tech_internship-problem_2024/internal/mocks/domain/actors.go:44.81,50.2 5 0
github.com/themilchenko/vk-tech_internship-problem_2024/internal/mocks/domain/actors.go:53.78,56.2 2 0
github.com/themilchenko/vk-tech_internship-problem_2024/internal/mocks/domain/actors.go:59.67,64.2 4 0
github.com/themilchenko/vk-tech_internship-problem_2024/internal/mocks/domain/actors.go:67.84,70.2 2 0
github.com/themilchenko/vk-tech_internship-problem_2024/internal/mocks/domain/actors.go:73.92,79.2 5 0
github.com/themilchenko/vk-tech_internship-problem_2024/internal/mocks/domain/actors.go:82.81,85.2 2 0
github.com/themilchenko/vk-tech_internship-problem_2024/internal/mocks/domain/actors.go:88.95,94.2 5 0
github.com/themilchenko/vk-tech_internship-problem_2024/internal/mocks/domain/actors.go:97.78,100.2 2 0
github.com/themilchenko/vk-tech_internship-problem_2024/internal/mocks/domain/actors.go:103.115,109.2 5 0
github.com/themilchenko/vk-tech_internship-problem_2024/internal/mocks/domain/actors.go:112.87,115.2 2 0
github.com/themilchenko/vk-tech_internship-problem_2024/internal/mocks/domain/actors.go:129.77,133.2 3 0
github.com/themilchenko/vk-tech_internship-problem_2024/internal/mocks/domain/actors.go:136.75,138.2 1 0
github.com/themilchenko/vk-tech_internship-problem_2024/internal/mocks/domain/actors.go:141.84,147.2 5 0
github.com/themilchenko/vk-tech_internship-problem_2024/internal/mocks/domain/actors.go:150.81,153.2 2 0
github.com/themilchenko/vk-tech_internship-problem_2024/internal/mocks/domain/actors.go:156.70,161.2 4 0
github.com/themilchenko/vk-tech_internship-problem_2024/internal/mocks/domain/actors.go:164.87,167.2 2 0
github.com/themilchenko/vk-tech_internship-problem_2024/internal/mocks/domain/actors.go:170.87,176.2 5 0
github.com/themilchenko/vk-tech_internship-problem_2024/internal/mocks/domain/actors.go:179.84,182.2 2 0
github.com/themilchenko/vk-tech_internship-problem_2024/internal/mocks/domain/actors.go:185.86,191.2 5 0
github.com/themilchenko/vk-tech_internship-problem_2024/internal/mocks/domain/actors.go:194.81,197.2 2 0
github.com/themilchenko/vk-tech_internship-problem_2024/internal/mocks/domain/actors.go:200.95,206.2 5 0
github.com/themilchenko/vk-tech_internship-problem_2024/internal/mocks/domain/actors.go:209.90,212.2 2 0
github.com/themilchenko/vk-tech_internship-problem_2024/internal/mocks/domain/actors.go:215.94,221.2 5 0
github.com/themilchenko/vk-tech_internship-problem_2024/internal/mocks/domain/actors.go:224.81,227.2 2 0
github.com/themilchenko/vk-tech_internship-problem_2024/internal/mocks/domain/auth.go:32.67,36.2 3 0
github.com/themilchenko/vk-tech_internship-problem_2024/internal/mocks/domain/auth.go:39.65,41.2 1 0
github.com/themilchenko/vk-tech_internship-problem_2024/internal/mocks/domain/auth.go:44.66,50.2 5 0
github.com/themilchenko/vk-tech_internship-problem_2024/internal/mocks/domain/auth.go:53.73,56.2 2 0
github.com/themilchenko/vk-tech_internship-problem_2024/internal/mocks/domain/auth.go:59.93,65.2 5 0
github.com/themilchenko/vk-tech_internship-problem_2024/internal/mocks/domain/auth.go:68.87,71.2 2 0
github.com/themilchenko/vk-tech_internship-problem_2024/internal/mocks/domain/auth.go:74.83,81.2 6 0
github.com/themilchenko/vk-tech_internship-problem_2024/internal/mocks/domain/auth.go:84.69,87.2 2 0
github.com/themilchenko/vk-tech_internship-problem_2024/internal/mocks/domain/auth.go:90.58,95.2 4 0
github.com/themilchenko/vk-tech_internship-problem_2024/internal/mocks/domain/auth.go:98.75,101.2 2 0
github.com/themilchenko/vk-tech_internship-problem_2024/internal/mocks/domain/auth.go:104.84,111.2 6 0
github.com/themilchenko/vk-tech_internship-problem_2024/internal/mocks/domain/auth.go:114.70,117.2 2 0
github.com/themilchenko/vk-tech_internship-problem_2024/internal/mocks/domain/auth.go:131.73,135.2 3 0
github.com/themilchenko/vk-tech_internship-problem_2024/internal/mocks/domain/auth.go:138.71,140.2 1 0
github.com/themilchenko/vk-tech_internship-problem_2024/internal/mocks/domain/auth.go:143.88,149.2 5 0
github.com/themilchenko/vk-tech_internship-problem_2024/internal/mocks/domain/auth.go:152.83,155.2 2 0
github.com/themilchenko/vk-tech_internship-problem_2024/internal/mocks/domain/auth.go:158.79,164.2 5 0
github.com/themilchenko/vk-tech_internship-problem_2024/internal/mocks/domain/auth.go:167.77,170.2 2 0
github.com/themilchenko/vk-tech_internship-problem_2024/internal/mocks/domain/auth.go:173.72,178.2 4 0
github.com/themilchenko/vk-tech_internship-problem_2024/internal/mocks/domain/auth.go:181.89,184.2 2 0
github.com/themilchenko/vk-tech_internship-problem_2024/internal/mocks/domain/auth.go:187.92,193.2 5 0
github.com/themilchenko/vk-tech_internship-problem_2024/internal/mocks/domain/auth.go:196.90,199.2 2 0
github.com/themilchenko/vk-tech_internship-problem_2024/internal/mocks/domain/auth.go:202.90,208.2 5 0
github.com/themilchenko/vk-tech_internship-problem_2024/internal/mocks/domain/auth.go:211.88,214.2 2 0
github.com/themilchenko/vk-tech_internship-problem_2024/internal/mocks/domain/movies.go:32.71,36.2 3 0
github.com/themilchenko/vk-tech_internship-problem_2024/internal/mocks/domain/movies.go:39.69,41.2 1 0
github.com/themilchenko/vk-tech_internship-problem_2024/internal/mocks/domain/movies.go:44.78,49.2 4 0
github.com/themilchenko/vk-tech_internship-problem_2024/internal/mocks/domain/movies.go:52.95,55.2 2 0
github.com/themilchenko/vk-tech_internship-problem_2024/internal/mocks/domain/movies.go:58.91,64.2 5 0
github.com/themilchenko/vk-tech_internship-problem_2024/internal/mocks/domain/movies.go:67.78,70.2 2 0
github.com/themilchenko/vk-tech_internship-problem_2024/internal/mocks/domain/movies.go:73.81,78.2 4 0
github.com/themilchenko/vk-tech_internship-problem_2024/internal/mocks/domain/movies.go:81.98,84.2 2 0
github.com/themilchenko/vk-tech_internship-problem_2024/internal/mocks/domain/movies.go:87.67,92.2 4 0
github.com/themilchenko/vk-tech_internship-problem_2024/internal/mocks/domain/movies.go:95.84,98.2 2 0
github.com/themilchenko/vk-tech_internship-problem_2024/internal/mocks/domain/movies.go:101.92,107.2 5 0
github.com/themilchenko/vk-tech_internship-problem_2024/internal/mocks/domain/movies.go:110.81,113.2 2 0
github.com/themilchenko/vk-tech_internship-problem_2024/internal/mocks/domain/movies.go:116.138,122.2 5 0
github.com/themilchenko/vk-tech_internship-problem_2024/internal/mocks/domain/movies.go:125.102,128.2 2 0
github.com/themilchenko/vk-tech_internship-problem_2024/internal/mocks/domain/movies.go:131.130,137.2 5 0
github.com/themilchenko/vk-tech_internship-problem_2024/internal/mocks/domain/movies.go:140.87,143.2 2 0
github.com/themilchenko/vk-tech_internship-problem_2024/internal/mocks/domain/movies.go:157.77,161.2 3 0
github.com/themilchenko/vk-tech_internship-problem_2024/internal/mocks/domain/movies.go:164.75,166.2 1 0
github.com/themilchenko/vk-tech_internship-problem_2024/internal/mocks/domain/movies.go:169.79,174.2 4 0
github.com/themilchenko/vk-tech_internship-problem_2024/internal/mocks/domain/movies.go:177.96,180.2 2 0
github.com/themilchenko/vk-tech_internship-problem_2024/internal/mocks/domain/movies.go:183.84,189.2 5 0
github.com/themilchenko/vk-tech_internship-problem_2024/internal/mocks/domain/movies.go:192.81,195.2 2 0
github.com/themilchenko/vk-tech_internship-problem_2024/internal/mocks/domain/movies.go:198.84,203.2 4 0
github.com/themilchenko/vk-tech_internship-problem_2024/internal/mocks/domain/movies.go:206.101,209.2 2 0
github.com/themilchenko/vk-tech_internship-problem_2024/internal/mocks/domain/movies.go:212.70,217.2 4 0
github.com/themilchenko/vk-tech_internship-problem_2024/internal/mocks/domain/movies.go:220.87,223.2 2 0
github.com/themilchenko/vk-tech_internship-problem_2024/internal/mocks/domain/movies.go:226.87,232.2 5 0
github.com/themilchenko/vk-tech_internship-problem_2024/internal/mocks/domain/movies.go:235.84,238.2 2 0
github.com/themilchenko/vk-tech_internship-problem_2024/internal/mocks/domain/movies.go:241.133,247.2 5 0
github.com/themilchenko/vk-tech_internship-problem_2024/internal/mocks/domain/movies.go:250.105,253.2 2 0
github.com/themilchenko/vk-tech_internship-problem_2024/internal/mocks/domain/movies.go:256.93,262.2 5 0
github.com/themilchenko/vk-tech_internship-problem_2024/internal/mocks/domain/movies.go:265.88,268.2 2 0
github.com/themilchenko/vk-tech_internship-problem_2024/internal/mocks/domain/movies.go:271.94,277.2 5 0
github.com/themilchenko/vk-tech_internship-problem_2024/internal/mocks/domain/movies.go:280.81,283.2 2 0
github.com/themilchenko/vk-tech_internship-problem_2024/internal/models/http/movies.go:11.62,18.2 1 0
github.com/themilchenko/vk-tech_internship-problem_2024/internal/auth/usecase/auth_usecase.go:29.98,36.2 1 0
github.com/themilchenko/vk-tech_internship-problem_2024/internal/auth/usecase/auth_usecase.go:38.122,45.2 1 1
github.com/themilchenko/vk-tech_internship-problem_2024/internal/auth/usecase/auth_usecase.go:47.80,57.2 1 0
github.com/themilchenko/vk-tech_internship-problem_2024/internal/auth/usecase/auth_usecase.go:59.79,61.16 2 1
github.com/themilchenko/vk-tech_internship-problem_2024/internal/auth/usecase/auth_usecase.go:61.16,63.3 1 0
github.com/themilchenko/vk-tech_internship-problem_2024/internal/auth/usecase/auth_usecase.go:65.2,70.16 2 1
github.com/themilchenko/vk-tech_internship-problem_2024/internal/auth/usecase/auth_usecase.go:70.16,71.44 1 0
github.com/themilchenko/vk-tech_internship-problem_2024/internal/auth/usecase/auth_usecase.go:71.44,73.4 1 0
github.com/themilchenko/vk-tech_internship-problem_2024/internal/auth/usecase/auth_usecase.go:73.9,75.4 1 0
github.com/themilchenko/vk-tech_internship-problem_2024/internal/auth/usecase/auth_usecase.go:78.2,79.16 2 1
github.com/themilchenko/vk-tech_internship-problem_2024/internal/auth/usecase/auth_usecase.go:79.16,81.3 1 0
github.com/themilchenko/vk-tech_internship-problem_2024/internal/auth/usecase/auth_usecase.go:83.2,83.31 1 1
github.com/themilchenko/vk-tech_internship-problem_2024/internal/auth/usecase/auth_usecase.go:86.78,88.16 2 1
github.com/themilchenko/vk-tech_internship-problem_2024/internal/auth/usecase/auth_usecase.go:88.16,89.22 1 1
github.com/themilchenko/vk-tech_internship-problem_2024/internal/auth/usecase/auth_usecase.go:90.39,91.36 1 0
github.com/themilchenko/vk-tech_internship-problem_2024/internal/auth/usecase/auth_usecase.go:92.11,93.36 1 1
github.com/themilchenko/vk-tech_internship-problem_2024/internal/auth/usecase/auth_usecase.go:97.2,99.20 2 1
github.com/themilchenko/vk-tech_internship-problem_2024/internal/auth/usecase/auth_usecase.go:99.20,101.3 1 0
github.com/themilchenko/vk-tech_internship-problem_2024/internal/auth/usecase/auth_usecase.go:103.2,104.16 2 1
github.com/themilchenko/vk-tech_internship-problem_2024/internal/auth/usecase/auth_usecase.go:104.16,106.3 1 0
github.com/themilchenko/vk-tech_internship-problem_2024/internal/auth/usecase/auth_usecase.go:107.2,107.35 1 1
github.com/themilchenko/vk-tech_internship-problem_2024/internal/auth/usecase/auth_usecase.go:110.53,112.2 1 0
github.com/themilchenko/vk-tech_internship-problem_2024/internal/auth/usecase/auth_usecase.go:114.61,116.16 2 1
github.com/themilchenko/vk-tech_internship-problem_2024/internal/auth/usecase/auth_usecase.go:116.16,117.45 1 1
github.com/themilchenko/vk-tech_internship-problem_2024/internal/auth/usecase/auth_usecase.go:117.45,119.4 1 0
github.com/themilchenko/vk-tech_internship-problem_2024/internal/auth/usecase/auth_usecase.go:120.3,120.16 1 1
github.com/themilchenko/vk-tech_internship-problem_2024/internal/auth/usecase/auth_usecase.go:122.2,122.21 1 1
github.com/themilchenko/vk-tech_internship-problem_2024/internal/auth/usecase/auth_usecase.go:125.88,127.16 2 0
github.com/themilchenko/vk-tech_internship-problem_2024/internal/auth/usecase/auth_usecase.go:127.16,129.3 1 0
github.com/themilchenko/vk-tech_internship-problem_2024/internal/auth/usecase/auth_usecase.go:130.2,130.40 1 0
github.com/themilchenko/vk-tech_internship-problem_2024/internal/config/config.go:52.26,118.2 1 0
github.com/themilchenko/vk-tech_internship-problem_2024/internal/config/config.go:120.42,122.16 2 0
github.com/themilchenko/vk-tech_internship-problem_2024/internal/config/config.go:122.16,124.3 1 0
github.com/themilchenko/vk-tech_internship-problem_2024/internal/config/config.go:125.2,127.55 2 0
github.com/themilchenko/vk-tech_internship-problem_2024/internal/config/config.go:127.55,129.3 1 0
github.com/themilchenko/vk-tech_internship-problem_2024/internal/config/config.go:131.2,131.12 1 0
github.com/themilchenko/vk-tech_internship-problem_2024/internal/config/config.go:134.40,143.2 1 0
github.com/themilchenko/vk-tech_internship-problem_2024/internal/config/config.go:145.30,147.2 1 0
github.com/themilchenko/vk-tech_internship-problem_2024/internal/mocks/domain/actors.go:32.71,36.2 3 0
github.com/themilchenko/vk-tech_internship-problem_2024/internal/mocks/domain/actors.go:39.69,41.2 1 0
github.com/themilchenko/vk-tech_internship-problem_2024/internal/mocks/domain/actors.go:44.81,50.2 5 0
github.com/themilchenko/vk-tech_internship-problem_2024/internal/mocks/domain/actors.go:53.78,56.2 2 0
github.com/themilchenko/vk-tech_internship-problem_2024/internal/mocks/domain/actors.go:59.67,64.2 4 0
github.com/themilchenko/vk-tech_internship-problem_2024/internal/mocks/domain/actors.go:67.84,70.2 2 0
github.com/themilchenko/vk-tech_internship-problem_2024/internal/mocks/domain/actors.go:73.92,79.2 5 0
github.com/themilchenko/vk-tech_internship-problem_2024/internal/mocks/domain/actors.go:82.81,85.2 2 0
github.com/themilchenko/vk-tech_internship-problem_2024/internal/mocks/domain/actors.go:88.95,94.2 5 0
github.com/themilchenko/vk-tech_internship-problem_2024/internal/mocks/domain/actors.go:97.78,100.2 2 0
github.com/themilchenko/vk-tech_internship-problem_2024/internal/mocks/domain/actors.go:103.115,109.2 5 0
github.com/themilchenko/vk-tech_internship-problem_2024/internal/mocks/domain/actors.go:112.87,115.2 2 0
github.com/themilchenko/vk-tech_internship-problem_2024/internal/mocks/domain/actors.go:129.77,133.2 3 0
github.com/themilchenko/vk-tech_internship-problem_2024/internal/mocks/domain/actors.go:136.75,138.2 1 0
github.com/themilchenko/vk-tech_internship-problem_2024/internal/mocks/domain/actors.go:141.84,147.2 5 0
github.com/themilchenko/vk-tech_internship-problem_2024/internal/mocks/domain/actors.go:150.81,153.2 2 0
github.com/themilchenko/vk-tech_internship-problem_2024/internal/mocks/domain/actors.go:156.70,161.2 4 0
github.com/themilchenko/vk-tech_internship-problem_2024/internal/mocks/domain/actors.go:164.87,167.2 2 0
github.com/themilchenko/vk-tech_internship-problem_2024/internal/mocks/domain/actors.go:170.87,176.2 5 0
github.com/themilchenko/vk-tech_internship-problem_2024/internal/mocks/domain/actors.go:179.84,182.2 2 0
github.com/themilchenko/vk-tech_internship-problem_2024/internal/mocks/domain/actors.go:185.86,191.2 5 0
github.com/themilchenko/vk-tech_internship-problem_2024/internal/mocks/domain/actors.go:194.81,197.2 2 0
github.com/themilchenko/vk-tech_internship-problem_2024/internal/mocks/domain/actors.go:200.95,206.2 5 0
github.com/themilchenko/vk-tech_internship-problem_2024/internal/mocks/domain/actors.go:209.90,212.2 2 0
github.com/themilchenko/vk-tech_internship-problem_2024/internal/mocks/domain/actors.go:215.94,221.2 5 0
github.com/themilchenko/vk-tech_internship-problem_2024/internal/mocks/domain/actors.go:224.81,227.2 2 0
github.com/themilchenko/vk-tech_internship-problem_2024/internal/mocks/domain/auth.go:32.67,36.2 3 0
github.com/themilchenko/vk-tech_internship-problem_2024/internal/mocks/domain/auth.go:39.65,41.2 1 0
github.com/themilchenko/vk-tech_internship-problem_2024/internal/mocks/domain/auth.go:44.66,50.2 5 0
github.com/themilchenko/vk-tech_internship-problem_2024/internal/mocks/domain/auth.go:53.73,56.2 2 0
github.com/themilchenko/vk-tech_internship-problem_2024/internal/mocks/domain/auth.go:59.93,65.2 5 0
github.com/themilchenko/vk-tech_internship-problem_2024/internal/mocks/domain/auth.go:68.87,71.2 2 0
github.com/themilchenko/vk-tech_internship-problem_2024/internal/mocks/domain/auth.go:74.83,81.2 6 0
github.com/themilchenko/vk-tech_internship-problem_2024/internal/mocks/domain/auth.go:84.69,87.2 2 0
github.com/themilchenko/vk-tech_internship-problem_2024/internal/mocks/domain/auth.go:90.58,95.2 4 0
github.com/themilchenko/vk-tech_internship-problem_2024/internal/mocks/domain/auth.go:98.75,101.2 2 0
github.com/themilchenko/vk-tech_internship-problem_2024/internal/mocks/domain/auth.go:104.84,111.2 6 0
github.com/themilchenko/vk-tech_internship-problem_2024/internal/mocks/domain/auth.go:114.70,117.2 2 0
github.com/themilchenko/vk-tech_internship-problem_2024/internal/mocks/domain/auth.go:131.73,135.2 3 1
github.com/themilchenko/vk-tech_internship-problem_2024/internal/mocks/domain/auth.go:138.71,140.2 1 1
github.com/themilchenko/vk-tech_internship-problem_2024/internal/mocks/domain/auth.go:143.88,149.2 5 1
github.com/themilchenko/vk-tech_internship-problem_2024/internal/mocks/domain/auth.go:152.83,155.2 2 1
github.com/themilchenko/vk-tech_internship-problem_2024/internal/mocks/domain/auth.go:158.79,164.2 5 1
github.com/themilchenko/vk-tech_internship-problem_2024/internal/mocks/domain/auth.go:167.77,170.2 2 1
github.com/themilchenko/vk-tech_internship-problem_2024/internal/mocks/domain/auth.go:173.72,178.2 4 0
github.com/themilchenko/vk-tech_internship-problem_2024/internal/mocks/domain/auth.go:181.89,184.2 2 0
github.com/themilchenko/vk-tech_internship-problem_2024/internal/mocks/domain/auth.go:187.92,193.2 5 1
github.com/themilchenko/vk-tech_internship-problem_2024/internal/mocks/domain/auth.go:196.90,199.2 2 1
github.com/themilchenko/vk-tech_internship-problem_2024/internal/mocks/domain/auth.go:202.90,208.2 5 1
github.com/themilchenko/vk-tech_internship-problem_2024/internal/mocks/domain/auth.go:211.88,214.2 2 1
github.com/themilchenko/vk-tech_internship-problem_2024/internal/mocks/domain/movies.go:32.71,36.2 3 0
github.com/themilchenko/vk-tech_internship-problem_2024/internal/mocks/domain/movies.go:39.69,41.2 1 0
github.com/themilchenko/vk-tech_internship-problem_2024/internal/mocks/domain/movies.go:44.78,49.2 4 0
github.com/themilchenko/vk-tech_internship-problem_2024/internal/mocks/domain/movies.go:52.95,55.2 2 0
github.com/themilchenko/vk-tech_internship-problem_2024/internal/mocks/domain/movies.go:58.91,64.2 5 0
github.com/themilchenko/vk-tech_internship-problem_2024/internal/mocks/domain/movies.go:67.78,70.2 2 0
github.com/themilchenko/vk-tech_internship-problem_2024/internal/mocks/domain/movies.go:73.81,78.2 4 0
github.com/themilchenko/vk-tech_internship-problem_2024/internal/mocks/domain/movies.go:81.98,84.2 2 0
github.com/themilchenko/vk-tech_internship-problem_2024/internal/mocks/domain/movies.go:87.67,92.2 4 0
github.com/themilchenko/vk-tech_internship-problem_2024/internal/mocks/domain/movies.go:95.84,98.2 2 0
github.com/themilchenko/vk-tech_internship-problem_2024/internal/mocks/domain/movies.go:101.92,107.2 5 0
github.com/themilchenko/vk-tech_internship-problem_2024/internal/mocks/domain/movies.go:110.81,113.2 2 0
github.com/themilchenko/vk-tech_internship-problem_2024/internal/mocks/domain/movies.go:116.138,122.2 5 0
github.com/themilchenko/vk-tech_internship-problem_2024/internal/mocks/domain/movies.go:125.102,128.2 2 0
github.com/themilchenko/vk-tech_internship-problem_2024/internal/mocks/domain/movies.go:131.130,137.2 5 0
github.com/themilchenko/vk-tech_internship-problem_2024/internal/mocks/domain/movies.go:140.87,143.2 2 0
github.com/themilchenko/vk-tech_internship-problem_2024/internal/mocks/domain/movies.go:157.77,161.2 3 0
github.com/themilchenko/vk-tech_internship-problem_2024/internal/mocks/domain/movies.go:164.75,166.2 1 0
github.com/themilchenko/vk-tech_internship-problem_2024/internal/mocks/domain/movies.go:169.79,174.2 4 0
github.com/themilchenko/vk-tech_internship-problem_2024/internal/mocks/domain/movies.go:177.96,180.2 2 0
github.com/themilchenko/vk-tech_internship-problem_2024/internal/mocks/domain/movies.go:183.84,189.2 5 0
github.com/themilchenko/vk-tech_internship-problem_2024/internal/mocks/domain/movies.go:192.81,195.2 2 0
github.com/themilchenko/vk-tech_internship-problem_2024/internal/mocks/domain/movies.go:198.84,203.2 4 0
github.com/themilchenko/vk-tech_internship-problem_2024/internal/mocks/domain/movies.go:206.101,209.2 2 0
github.com/themilchenko/vk-tech_internship-problem_2024/internal/mocks/domain/movies.go:212.70,217.2 4 0
github.com/themilchenko/vk-tech_internship-problem_2024/internal/mocks/domain/movies.go:220.87,223.2 2 0
github.com/themilchenko/vk-tech_internship-problem_2024/internal/mocks/domain/movies.go:226.87,232.2 5 0
github.com/themilchenko/vk-tech_internship-problem_2024/internal/mocks/domain/movies.go:235.84,238.2 2 0
github.com/themilchenko/vk-tech_internship-problem_2024/internal/mocks/domain/movies.go:241.133,247.2 5 0
github.com/themilchenko/vk-tech_internship-problem_2024/internal/mocks/domain/movies.go:250.105,253.2 2 0
github.com/themilchenko/vk-tech_internship-problem_2024/internal/mocks/domain/movies.go:256.93,262.2 5 0
github.com/themilchenko/vk-tech_internship-problem_2024/internal/mocks/domain/movies.go:265.88,268.2 2 0
github.com/themilchenko/vk-tech_internship-problem_2024/internal/mocks/domain/movies.go:271.94,277.2 5 0
github.com/themilchenko/vk-tech_internship-problem_2024/internal/mocks/domain/movies.go:280.81,283.2 2 0
github.com/themilchenko/vk-tech_internship-problem_2024/internal/models/gorm/actors.go:18.55,25.2 1 0
github.com/themilchenko/vk-tech_internship-problem_2024/internal/models/gorm/actors.go:27.52,33.2 1 0
github.com/themilchenko/vk-tech_internship-problem_2024/internal/models/gorm/movies.go:19.58,27.2 1 0
github.com/themilchenko/vk-tech_internship-problem_2024/internal/models/gorm/movies.go:29.63,37.2 1 0
github.com/themilchenko/vk-tech_internship-problem_2024/internal/models/gorm/users.go:18.49,24.2 1 0
github.com/themilchenko/vk-tech_internship-problem_2024/internal/models/http/movies.go:11.62,18.2 1 0
github.com/themilchenko/vk-tech_internship-problem_2024/internal/utils/hash/password.go:8.52,9.24 1 1
github.com/themilchenko/vk-tech_internship-problem_2024/internal/utils/hash/password.go:9.24,11.3 1 0
github.com/themilchenko/vk-tech_internship-problem_2024/internal/utils/hash/password.go:13.2,15.27 2 1
github.com/themilchenko/vk-tech_internship-problem_2024/internal/utils/hash/password.go:18.52,22.2 2 1
github.com/themilchenko/vk-tech_internship-problem_2024/internal/movies/repository/movies_repository.go:14.49,16.16 2 0
github.com/themilchenko/vk-tech_internship-problem_2024/internal/movies/repository/movies_repository.go:16.16,18.3 1 0
github.com/themilchenko/vk-tech_internship-problem_2024/internal/movies/repository/movies_repository.go:20.2,27.8 2 0
github.com/themilchenko/vk-tech_internship-problem_2024/internal/movies/repository/movies_repository.go:30.72,32.72 2 0
github.com/themilchenko/vk-tech_internship-problem_2024/internal/movies/repository/movies_repository.go:32.72,34.3 1 0
github.com/themilchenko/vk-tech_internship-problem_2024/internal/movies/repository/movies_repository.go:35.2,35.30 1 0
github.com/themilchenko/vk-tech_internship-problem_2024/internal/movies/repository/movies_repository.go:38.82,43.21 2 0
github.com/themilchenko/vk-tech_internship-problem_2024/internal/movies/repository/movies_repository.go:43.21,45.3 1 0
github.com/themilchenko/vk-tech_internship-problem_2024/internal/movies/repository/movies_repository.go:46.2,46.27 1 0
github.com/themilchenko/vk-tech_internship-problem_2024/internal/movies/repository/movies_repository.go:49.75,53.21 2 0
github.com/themilchenko/vk-tech_internship-problem_2024/internal/movies/repository/movies_repository.go:53.21,55.3 1 0
github.com/themilchenko/vk-tech_internship-problem_2024/internal/movies/repository/movies_repository.go:56.2,56.27 1 0
github.com/themilchenko/vk-tech_internship-problem_2024/internal/movies/repository/movies_repository.go:59.58,62.21 1 0
github.com/themilchenko/vk-tech_internship-problem_2024/internal/movies/repository/movies_repository.go:62.21,64.3 1 0
github.com/themilchenko/vk-tech_internship-problem_2024/internal/movies/repository/movies_repository.go:65.2,65.12 1 0
github.com/themilchenko/vk-tech_internship-problem_2024/internal/movies/repository/movies_repository.go:68.67,72.23 1 0
github.com/themilchenko/vk-tech_internship-problem_2024/internal/movies/repository/movies_repository.go:72.23,74.3 1 0
github.com/themilchenko/vk-tech_internship-problem_2024/internal/movies/repository/movies_repository.go:75.2,75.12 1 0
github.com/themilchenko/vk-tech_internship-problem_2024/internal/movies/repository/movies_repository.go:78.72,82.23 1 0
github.com/themilchenko/vk-tech_internship-problem_2024/internal/movies/repository/movies_repository.go:82.23,84.3 1 0
github.com/themilchenko/vk-tech_internship-problem_2024/internal/movies/repository/movies_repository.go:85.2,85.12 1 0
github.com/themilchenko/vk-tech_internship-problem_2024/internal/movies/repository/movies_repository.go:88.81,95.21 2 0
github.com/themilchenko/vk-tech_internship-problem_2024/internal/movies/repository/movies_repository.go:95.21,97.3 1 0
github.com/themilchenko/vk-tech_internship-problem_2024/internal/movies/repository/movies_repository.go:98.2,98.28 1 0
github.com/themilchenko/vk-tech_internship-problem_2024/internal/movies/repository/movies_repository.go:105.31,110.17 3 0
github.com/themilchenko/vk-tech_internship-problem_2024/internal/movies/repository/movies_repository.go:110.17,112.3 1 0
github.com/themilchenko/vk-tech_internship-problem_2024/internal/movies/repository/movies_repository.go:113.2,113.21 1 0
github.com/themilchenko/vk-tech_internship-problem_2024/internal/movies/repository/movies_repository.go:113.21,117.3 1 0
github.com/themilchenko/vk-tech_internship-problem_2024/internal/movies/repository/movies_repository.go:119.2,119.16 1 0
github.com/themilchenko/vk-tech_internship-problem_2024/internal/movies/repository/movies_repository.go:120.15,121.31 1 0
github.com/themilchenko/vk-tech_internship-problem_2024/internal/movies/repository/movies_repository.go:122.16,123.32 1 0
github.com/themilchenko/vk-tech_internship-problem_2024/internal/movies/repository/movies_repository.go:124.22,125.38 1 0
[...]
github.com/themilchenko/vk-tech_internship-problem_2024/internal/movies/delivery/movies_handler.go:92.2,94.23 3 1
github.com/themilchenko/vk-tech_internship-problem_2024/internal/movies/delivery/movies_handler.go:97.74,103.21 5 1
github.com/themilchenko/vk-tech_internship-problem_2024/internal/movies/delivery/movies_handler.go:103.21,106.17 3 0
github.com/themilchenko/vk-tech_internship-problem_2024/internal/movies/delivery/movies_handler.go:106.17,109.4 2 0
github.com/themilchenko/vk-tech_internship-problem_2024/internal/movies/delivery/movies_handler.go:112.2,113.22 2 1
github.com/themilchenko/vk-tech_internship-problem_2024/internal/movies/delivery/movies_handler.go:113.22,115.3 1 1
github.com/themilchenko/vk-tech_internship-problem_2024/internal/movies/delivery/movies_handler.go:115.8,116.73 1 0
github.com/themilchenko/vk-tech_internship-problem_2024/internal/movies/delivery/movies_handler.go:116.73,119.4 2 0
github.com/themilchenko/vk-tech_internship-problem_2024/internal/movies/delivery/movies_handler.go:122.2,123.16 2 1
github.com/themilchenko/vk-tech_internship-problem_2024/internal/movies/delivery/movies_handler.go:123.16,126.3 2 0
github.com/themilchenko/vk-tech_internship-problem_2024/internal/movies/delivery/movies_handler.go:128.2,129.16 2 1
github.com/themilchenko/vk-tech_internship-problem_2024/internal/movies/delivery/movies_handler.go:129.16,132.3 2 0
github.com/themilchenko/vk-tech_internship-problem_2024/internal/movies/delivery/movies_handler.go:134.2,136.23 3 1
github.com/themilchenko/vk-tech_internship-problem_2024/internal/movies/delivery/movies_handler.go:139.76,141.16 2 1
github.com/themilchenko/vk-tech_internship-problem_2024/internal/movies/delivery/movies_handler.go:141.16,144.3 2 0
github.com/themilchenko/vk-tech_internship-problem_2024/internal/movies/delivery/movies_handler.go:146.2,147.71 2 1
github.com/themilchenko/vk-tech_internship-problem_2024/internal/movies/delivery/movies_handler.go:147.71,150.3 2 0
github.com/themilchenko/vk-tech_internship-problem_2024/internal/movies/delivery/movies_handler.go:152.2,153.16 2 1
github.com/themilchenko/vk-tech_internship-problem_2024/internal/movies/delivery/movies_handler.go:153.16,156.3 2 0
github.com/themilchenko/vk-tech_internship-problem_2024/internal/movies/delivery/movies_handler.go:158.2,159.16 2 1
github.com/themilchenko/vk-tech_internship-problem_2024/internal/movies/delivery/movies_handler.go:159.16,162.3 2 0
github.com/themilchenko/vk-tech_internship-problem_2024/internal/movies/delivery/movies_handler.go:164.2,166.23 3 1
github.com/themilchenko/vk-tech_internship-problem_2024/internal/movies/delivery/movies_handler.go:169.80,171.16 2 1
github.com/themilchenko/vk-tech_internship-problem_2024/internal/movies/delivery/movies_handler.go:171.16,174.3 2 0
github.com/themilchenko/vk-tech_internship-problem_2024/internal/movies/delivery/movies_handler.go:175.2,176.16 2 1
github.com/themilchenko/vk-tech_internship-problem_2024/internal/movies/delivery/movies_handler.go:176.16,179.3 2 0
github.com/themilchenko/vk-tech_internship-problem_2024/internal/movies/delivery/movies_handler.go:181.2,181.76 1 1
github.com/themilchenko/vk-tech_internship-problem_2024/internal/movies/delivery/movies_handler.go:181.76,184.3 2 0
github.com/themilchenko/vk-tech_internship-problem_2024/internal/movies/delivery/movies_handler.go:186.2,188.32 3 1
github.com/themilchenko/vk-tech_internship-problem_2024/internal/movies/delivery/movies_handler.go:191.85,193.16 2 1
github.com/themilchenko/vk-tech_internship-problem_2024/internal/movies/delivery/movies_handler.go:193.16,196.3 2 0
github.com/themilchenko/vk-tech_internship-problem_2024/internal/movies/delivery/movies_handler.go:197.2,198.16 2 1
github.com/themilchenko/vk-tech_internship-problem_2024/internal/movies/delivery/movies_handler.go:198.16,201.3 2 0
github.com/themilchenko/vk-tech_internship-problem_2024/internal/movies/delivery/movies_handler.go:203.2,203.79 1 1
github.com/themilchenko/vk-tech_internship-problem_2024/internal/movies/delivery/movies_handler.go:203.79,206.3 2 0
github.com/themilchenko/vk-tech_internship-problem_2024/internal/movies/delivery/movies_handler.go:208.2,210.32 3 1
github.com/themilchenko/vk-tech_internship-problem_2024/pkg/errors.go:8.73,16.16 3 1
github.com/themilchenko/vk-tech_internship-problem_2024/pkg/errors.go:16.16,19.3 2 0
github.com/themilchenko/vk-tech_internship-problem_2024/pkg/errors.go:21.2,24.23 3 1
github.com/themilchenko/vk-tech_internship-problem_2024/pkg/logger.go:15.56,18.2 2 0
github.com/themilchenko/vk-tech_internship-problem_2024/pkg/logger.go:20.66,21.21 1 0
github.com/themilchenko/vk-tech_internship-problem_2024/pkg/logger.go:21.21,23.3 1 0
github.com/themilchenko/vk-tech_internship-problem_2024/pkg/logger.go:24.2,26.18 3 0
github.com/themilchenko/vk-tech_internship-problem_2024/pkg/logger.go:29.49,30.71 1 0
github.com/themilchenko/vk-tech_internship-problem_2024/pkg/logger.go:30.71,35.16 3 0
github.com/themilchenko/vk-tech_internship-problem_2024/pkg/logger.go:35.16,36.36 1 0
github.com/themilchenko/vk-tech_internship-problem_2024/pkg/logger.go:36.36,39.5 2 0
github.com/themilchenko/vk-tech_internship-problem_2024/pkg/logger.go:41.4,50.25 7 0
github.com/themilchenko/vk-tech_internship-problem_2024/pkg/logger.go:50.25,66.5 1 0
github.com/themilchenko/vk-tech_internship-problem_2024/pkg/logger.go:66.10,82.5 1 0
github.com/themilchenko/vk-tech_internship-problem_2024/pkg/logger.go:85.3,85.25 1 0
github.com/themilchenko/vk-tech_internship-problem_2024/pkg/errors.go:8.73,16.16 3 0
github.com/themilchenko/vk-tech_internship-problem_2024/pkg/errors.go:16.16,19.3 2 0
github.com/themilchenko/vk-tech_internship-problem_2024/pkg/errors.go:21.2,24.23 3 0
github.com/themilchenko/vk-tech_internship-problem_2024/pkg/logger.go:15.56,18.2 2 0
github.com/themilchenko/vk-tech_internship-problem_2024/pkg/logger.go:20.66,21.21 1 0
github.com/themilchenko/vk-tech_internship-problem_2024/pkg/logger.go:21.21,23.3 1 0
github.com/themilchenko/vk-tech_internship-problem_2024/pkg/logger.go:24.2,26.18 3 0
github.com/themilchenko/vk-tech_internship-problem_2024/pkg/logger.go:29.49,30.71 1 0
github.com/themilchenko/vk-tech_internship-problem_2024/pkg/logger.go:30.71,35.16 3 0
github.com/themilchenko/vk-tech_internship-problem_2024/pkg/logger.go:35.16,36.36 1 0
github.com/themilchenko/vk-tech_internship-problem_2024/pkg/logger.go:36.36,39.5 2 0
github.com/themilchenko/vk-tech_internship-problem_2024/pkg/logger.go:41.4,50.25 7 0
github.com/themilchenko/vk-tech_internship-problem_2024/pkg/logger.go:50.25,66.5 1 0
github.com/themilchenko/vk-tech_internship-problem_2024/pkg/logger.go:66.10,82.5 1 0
github.com/themilchenko/vk-tech_internship-problem_2024/pkg/logger.go:85.3,85.25 1 0
github.com/themilchenko/vk-tech_internship-problem_2024/internal/utils/hash/password.go:8.52,9.24 1 0
github.com/themilchenko/vk-tech_internship-problem_2024/internal/utils/hash/password.go:9.24,11.3 1 0
github.com/themilchenko/vk-tech_internship-problem_2024/internal/utils/hash/password.go:13.2,15.27 2 0
github.com/themilchenko/vk-tech_internship-problem_2024/internal/utils/hash/password.go:18.52,22.2 2 0
github.com/themilchenko/vk-tech_internship-problem_2024/internal/mocks/domain/actors.go:32.71,36.2 3 0
github.com/themilchenko/vk-tech_internship-problem_2024/internal/mocks/domain/actors.go:39.69,41.2 1 0
github.com/themilchenko/vk-tech_internship-problem_2024/internal/mocks/domain/actors.go:44.81,50.2 5 0
github.com/themilchenko/vk-tech_internship-problem_2024/internal/mocks/domain/actors.go:53.78,56.2 2 0
github.com/themilchenko/vk-tech_internship-problem_2024/internal/mocks/domain/actors.go:59.67,64.2 4 0
github.com/themilchenko/vk-tech_internship-problem_2024/internal/mocks/domain/actors.go:67.84,70.2 2 0
github.com/themilchenko/vk-tech_internship-problem_2024/internal/mocks/domain/actors.go:73.92,79.2 5 0
github.com/themilchenko/vk-tech_internship-problem_2024/internal/mocks/domain/actors.go:82.81,85.2 2 0
github.com/themilchenko/vk-tech_internship-problem_2024/internal/mocks/domain/actors.go:88.95,94.2 5 0
github.com/themilchenko/vk-tech_internship-problem_2024/internal/mocks/domain/actors.go:97.78,100.2 2 0
github.com/themilchenko/vk-tech_internship-problem_2024/internal/mocks/domain/actors.go:103.115,109.2 5 0
github.com/themilchenko/vk-tech_internship-problem_2024/internal/mocks/domain/actors.go:112.87,115.2 2 0
github.com/themilchenko/vk-tech_internship-problem_2024/internal/mocks/domain/actors.go:129.77,133.2 3 1
github.com/themilchenko/vk-tech_internship-problem_2024/internal/mocks/domain/actors.go:136.75,138.2 1 1
github.com/themilchenko/vk-tech_internship-problem_2024/internal/mocks/domain/actors.go:141.84,147.2 5 0
github.com/themilchenko/vk-tech_internship-problem_2024/internal/mocks/domain/actors.go:150.81,153.2 2 0
github.com/themilchenko/vk-tech_internship-problem_2024/internal/mocks/domain/actors.go:156.70,161.2 4 0
github.com/themilchenko/vk-tech_internship-problem_2024/internal/mocks/domain/actors.go:164.87,167.2 2 0
github.com/themilchenko/vk-tech_internship-problem_2024/internal/mocks/domain/actors.go:170.87,176.2 5 0
github.com/themilchenko/vk-tech_internship-problem_2024/internal/mocks/domain/actors.go:179.84,182.2 2 0
github.com/themilchenko/vk-tech_internship-problem_2024/internal/mocks/domain/actors.go:185.86,191.2 5 0
github.com/themilchenko/vk-tech_internship-problem_2024/internal/mocks/domain/actors.go:194.81,197.2 2 0
github.com/themilchenko/vk-tech_internship-problem_2024/internal/mocks/domain/actors.go:200.95,206.2 5 1
github.com/themilchenko/vk-tech_internship-problem_2024/internal/mocks/domain/actors.go:209.90,212.2 2 1
github.com/themilchenko/vk-tech_internship-problem_2024/internal/mocks/domain/actors.go:215.94,221.2 5 0
github.com/themilchenko/vk-tech_internship-problem_2024/internal/mocks/domain/actors.go:224.81,227.2 2 0
github.com/themilchenko/vk-tech_internship-problem_2024/internal/mocks/domain/auth.go:32.67,36.2 3 0
github.com/themilchenko/vk-tech_internship-problem_2024/internal/mocks/domain/auth.go:39.65,41.2 1 0
github.com/themilchenko/vk-tech_internship-problem_2024/internal/mocks/domain/auth.go:44.66,50.2 5 0
github.com/themilchenko/vk-tech_internship-problem_2024/internal/mocks/domain/auth.go:53.73,56.2 2 0
github.com/themilchenko/vk-tech_internship-problem_2024/internal/mocks/domain/auth.go:59.93,65.2 5 0
github.com/themilchenko/vk-tech_internship-problem_2024/internal/mocks/domain/auth.go:68.87,71.2 2 0
github.com/themilchenko/vk-tech_internship-problem_2024/internal/mocks/domain/auth.go:74.83,81.2 6 0
github.com/themilchenko/vk-tech_internship-problem_2024/internal/mocks/domain/auth.go:84.69,87.2 2 0
github.com/themilchenko/vk-tech_internship-problem_2024/internal/mocks/domain/auth.go:90.58,95.2 4 0
github.com/themilchenko/vk-tech_internship-problem_2024/internal/mocks/domain/auth.go:98.75,101.2 2 0
github.com/themilchenko/vk-tech_internship-problem_2024/internal/mocks/domain/auth.go:104.84,111.2 6 0
github.com/themilchenko/vk-tech_internship-problem_2024/internal/mocks/domain/auth.go:114.70,117.2 2 0
github.com/themilchenko/vk-tech_internship-problem_2024/internal/mocks/domain/auth.go:131.73,135.2 3 0
github.com/themilchenko/vk-tech_internship-problem_2024/internal/mocks/domain/auth.go:138.71,140.2 1 0
github.com/themilchenko/vk-tech_internship-problem_2024/internal/mocks/domain/auth.go:143.88,149.2 5 0
github.com/themilchenko/vk-tech_internship-problem_2024/internal/mocks/domain/auth.go:152.83,155.2 2 0
github.com/themilchenko/vk-tech_internship-problem_2024/internal/mocks/domain/auth.go:158.79,164.2 5 0
github.com/themilchenko/vk-tech_internship-problem_2024/internal/mocks/domain/auth.go:167.77,170.2 2 0
github.com/themilchenko/vk-tech_internship-problem_2024/internal/mocks/domain/auth.go:173.72,178.2 4 0
github.com/themilchenko/vk-tech_internship-problem_2024/internal/mocks/domain/auth.go:181.89,184.2 2 0
github.com/themilchenko/vk-tech_internship-problem_2024/internal/mocks/domain/auth.go:187.92,193.2 5 0
github.com/themilchenko/vk-tech_internship-problem_2024/internal/mocks/domain/auth.go:196.90,199.2 2 0
github.com/themilchenko/vk-tech_internship-problem_2024/internal/mocks/domain/auth.go:202.90,208.2 5 0
github.com/themilchenko/vk-tech_internship-problem_2024/internal/mocks/domain/auth.go:211.88,214.2 2 0
github.com/themilchenko/vk-tech_internship-problem_2024/internal/mocks/domain/movies.go:32.71,36.2 3 0
github.com/themilchenko/vk-tech_internship-problem_2024/internal/mocks/domain/movies.go:39.69,41.2 1 0
github.com/themilchenko/vk-tech_internship-problem_2024/internal/mocks/domain/movies.go:44.78,49.2 4 0
github.com/themilchenko/vk-tech_internship-problem_2024/internal/mocks/domain/movies.go:52.95,55.2 2 0
github.com/themilchenko/vk-tech_internship-problem_2024/internal/mocks/domain/movies.go:58.91,64.2 5 0
github.com/themilchenko/vk-tech_internship-problem_2024/internal/mocks/domain/movies.go:67.78,70.2 2 0
github.com/themilchenko/vk-tech_internship-problem_2024/internal/mocks/domain/movies.go:73.81,78.2 4 0
github.com/themilchenko/vk-tech_internship-problem_2024/internal/mocks/domain/movies.go:81.98,84.2 2 0
github.com/themilchenko/vk-tech_internship-problem_2024/internal/mocks/domain/movies.go:87.67,92.2 4 0
github.com/themilchenko/vk-tech_internship-problem_2024/internal/mocks/domain/movies.go:95.84,98.2 2 0
github.com/themilchenko/vk-tech_internship-problem_2024/internal/mocks/domain/movies.go:101.92,107.2 5 0
github.com/themilchenko/vk-tech_internship-problem_2024/internal/mocks/domain/movies.go:110.81,113.2 2 0
github.com/themilchenko/vk-tech_internship-problem_2024/internal/mocks/domain/movies.go:116.138,122.2 5 0
github.com/themilchenko/vk-tech_internship-problem_2024/internal/mocks/domain/movies.go:125.102,128.2 2 0
github.com/themilchenko/vk-tech_internship-problem_2024/internal/mocks/domain/movies.go:131.130,137.2 5 0
github.com/themilchenko/vk-tech_internship-problem_2024/internal/mocks/domain/movies.go:140.87,143.2 2 0
github.com/themilchenko/vk-tech_internship-problem_2024/internal/mocks/domain/movies.go:157.77,161.2 3 1
github.com/themilchenko/vk-tech_internship-problem_2024/internal/mocks/domain/movies.go:164.75,166.2 1 1
github.com/themilchenko/vk-tech_internship-problem_2024/internal/mocks/domain/movies.go:169.79,174.2 4 0
github.com/themilchenko/vk-tech_internship-problem_2024/internal/mocks/domain/movies.go:177.96,180.2 2 0
github.com/themilchenko/vk-tech_internship-problem_2024/internal/mocks/domain/movies.go:183.84,189.2 5 1
github.com/themilchenko/vk-tech_internship-problem_2024/internal/mocks/domain/movies.go:192.81,195.2 2 1
github.com/themilchenko/vk-tech_internship-problem_2024/internal/mocks/domain/movies.go:198.84,203.2 4 0
github.com/themilchenko/vk-tech_internship-problem_2024/internal/mocks/domain/movies.go:206.101,209.2 2 0
github.com/themilchenko/vk-tech_internship-problem_2024/internal/mocks/domain/movies.go:212.70,217.2 4 0
github.com/themilchenko/vk-tech_internship-problem_2024/internal/mocks/domain/movies.go:220.87,223.2 2 0
github.com/themilchenko/vk-tech_internship-problem_2024/internal/mocks/domain/movies.go:226.87,232.2 5 1
github.com/themilchenko/vk-tech_internship-problem_2024/internal/mocks/domain/movies.go:235.84,238.2 2 1
github.com/themilchenko/vk-tech_internship-problem_2024/internal/mocks/domain/movies.go:241.133,247.2 5 1
github.com/themilchenko/vk-tech_internship-problem_2024/internal/mocks/domain/movies.go:250.105,253.2 2 1
github.com/themilchenko/vk-tech_internship-problem_2024/internal/mocks/domain/movies.go:256.93,262.2 5 0
github.com/themilchenko/vk-tech_internship-problem_2024/internal/mocks/domain/movies.go:265.88,268.2 2 0
github.com/themilchenko/vk-tech_internship-problem_2024/internal/mocks/domain/movies.go:271.94,277.2 5 1
github.com/themilchenko/vk-tech_internship-problem_2024/internal/mocks/domain/movies.go:280.81,283.2 2 1
github.com/themilchenko/vk-tech_internship-problem_2024/internal/models/gorm/actors.go:18.55,25.2 1 1
github.com/themilchenko/vk-tech_internship-problem_2024/internal/models/gorm/actors.go:27.52,33.2 1 0
github.com/themilchenko/vk-tech_internship-problem_2024/internal/models/gorm/movies.go:19.58,27.2 1 1
github.com/themilchenko/vk-tech_internship-problem_2024/internal/models/gorm/movies.go:29.63,37.2 1 0
github.com/themilchenko/vk-tech_internship-problem_2024/internal/models/gorm/users.go:18.49,24.2 1 0
github.com/themilchenko/vk-tech_internship-problem_2024/internal/models/http/movies.go:11.62,18.2 1 0
github.com/themilchenko/vk-tech_internship-problem_2024/internal/movies/usecase/movies_usecase.go:18.91,23.2 1 1
github.com/themilchenko/vk-tech_internship-problem_2024/internal/movies/usecase/movies_usecase.go:25.86,27.16 2 1
github.com/themilchenko/vk-tech_internship-problem_2024/internal/movies/usecase/movies_usecase.go:27.16,29.3 1 0
github.com/themilchenko/vk-tech_internship-problem_2024/internal/movies/usecase/movies_usecase.go:31.2,37.16 2 1
github.com/themilchenko/vk-tech_internship-problem_2024/internal/movies/usecase/movies_usecase.go:37.16,39.3 1 0
github.com/themilchenko/vk-tech_internship-problem_2024/internal/movies/usecase/movies_usecase.go:40.2,40.21 1 1
github.com/themilchenko/vk-tech_internship-problem_2024/internal/movies/usecase/movies_usecase.go:46.37,48.16 2 1
github.com/themilchenko/vk-tech_internship-problem_2024/internal/movies/usecase/movies_usecase.go:48.16,50.3 1 0
github.com/themilchenko/vk-tech_internship-problem_2024/internal/movies/usecase/movies_usecase.go:52.2,59.16 2 1
github.com/themilchenko/vk-tech_internship-problem_2024/internal/movies/usecase/movies_usecase.go:59.16,61.3 1 0
github.com/themilchenko/vk-tech_internship-problem_2024/internal/movies/usecase/movies_usecase.go:62.2,62.43 1 1
github.com/themilchenko/vk-tech_internship-problem_2024/internal/movies/usecase/movies_usecase.go:65.87,67.16 2 1
github.com/themilchenko/vk-tech_internship-problem_2024/internal/movies/usecase/movies_usecase.go:67.16,69.3 1 0
github.com/themilchenko/vk-tech_internship-problem_2024/internal/movies/usecase/movies_usecase.go:71.2,72.59 2 1
github.com/themilchenko/vk-tech_internship-problem_2024/internal/movies/usecase/movies_usecase.go:72.59,74.3 1 0
github.com/themilchenko/vk-tech_internship-problem_2024/internal/movies/usecase/movies_usecase.go:75.2,76.29 2 1
github.com/themilchenko/vk-tech_internship-problem_2024/internal/movies/usecase/movies_usecase.go:76.29,78.3 1 1
github.com/themilchenko/vk-tech_internship-problem_2024/internal/movies/usecase/movies_usecase.go:80.2,82.23 3 1
github.com/themilchenko/vk-tech_internship-problem_2024/internal/movies/usecase/movies_usecase.go:85.62,87.2 1 0
github.com/themilchenko/vk-tech_internship-problem_2024/internal/movies/usecase/movies_usecase.go:89.76,91.2 1 0
github.com/themilchenko/vk-tech_internship-problem_2024/internal/movies/usecase/movies_usecase.go:93.73,95.2 1 0
github.com/themilchenko/vk-tech_internship-problem_2024/internal/movies/usecase/movies_usecase.go:101.39,103.16 2 1
github.com/themilchenko/vk-tech_internship-problem_2024/internal/movies/usecase/movies_usecase.go:103.16,105.3 1 0
github.com/themilchenko/vk-tech_internship-problem_2024/internal/movies/usecase/movies_usecase.go:107.2,108.27 2 1
github.com/themilchenko/vk-tech_internship-problem_2024/internal/movies/usecase/movies_usecase.go:108.27,111.17 3 1
github.com/themilchenko/vk-tech_internship-problem_2024/internal/movies/usecase/movies_usecase.go:111.17,113.4 1 0
github.com/themilchenko/vk-tech_internship-problem_2024/internal/movies/usecase/movies_usecase.go:115.3,116.32 2 1
github.com/themilchenko/vk-tech_internship-problem_2024/internal/movies/usecase/movies_usecase.go:116.32,118.4 1 1
github.com/themilchenko/vk-tech_internship-problem_2024/internal/movies/usecase/movies_usecase.go:120.3,120.38 1 1
github.com/themilchenko/vk-tech_internship-problem_2024/internal/movies/usecase/movies_usecase.go:123.2,123.24 1 1
